<?xml version="1.0" encoding="UTF-8"?>
<!-- Generated by org.testng.reporters.JUnitXMLReporter -->
<testsuite hostname="STM-W7-QTP66" ignored="40" name="1Test10" tests="14" failures="0" timestamp="20 Jun 2020 07:56:50 GMT" time="413.87" errors="0">
  <testcase name="launchApplication" time="2.887" classname="appFunctions.QSM"/>
  <testcase name="addSubmission" time="13.421" classname="appFunctions.QSM"/>
  <testcase name="quickQuote" time="20.076" classname="appFunctions.Indication"/>
  <testcase name="clickOnRate" time="21.973" classname="appFunctions.Indication"/>
  <testcase name="clickOnSubmission" time="35.05" classname="appFunctions.Submission"/>
  <testcase name="policyInformation" time="8.299" classname="appFunctions.Submission"/>
  <testcase name="insuredInformation" time="5.289" classname="appFunctions.Submission"/>
  <testcase name="limitSection" time="11.261" classname="appFunctions.Submission"/>
  <testcase name="addOptionalCoverages" time="20.528" classname="appFunctions.Submission"/>
  <testcase name="clickOnPendingQuote" time="59.895" classname="appFunctions.PendingQuote"/>
  <testcase name="agentDetails" time="15.665" classname="appFunctions.PendingQuote"/>
  <testcase name="insuredDetails" time="14.767" classname="appFunctions.PendingQuote"/>
  <testcase name="quoteClick" time="129.258" classname="appFunctions.Quote"/>
  <testcase name="clickOnDidNotGet" time="28.382" classname="appFunctions.DidNotGet"/>
  <testcase name="minimumPremium" time="0.0" classname="appFunctions.Submission">
    <ignored/>
  </testcase> <!-- minimumPremium -->
  <testcase name="dragAndDropAttachment" time="0.0" classname="appFunctions.Quote">
    <ignored/>
  </testcase> <!-- dragAndDropAttachment -->
  <testcase name="quoteMandatoryFormsValidation" time="0.0" classname="appFunctions.Quote">
    <ignored/>
  </testcase> <!-- quoteMandatoryFormsValidation -->
  <testcase name="removeClassCodeAtPendingQuote" time="0.0" classname="appFunctions.PendingQuote">
    <ignored/>
  </testcase> <!-- removeClassCodeAtPendingQuote -->
  <testcase name="compositeRate" time="0.0" classname="appFunctions.Submission">
    <ignored/>
  </testcase> <!-- compositeRate -->
  <testcase name="capturePreSelectedForms" time="0.0" classname="appFunctions.Quote">
    <ignored/>
  </testcase> <!-- capturePreSelectedForms -->
  <testcase name="clickOnRenewal" time="0.0" classname="appFunctions.QSM">
    <ignored/>
  </testcase> <!-- clickOnRenewal -->
  <testcase name="captureMandatoryForms" time="0.0" classname="appFunctions.Quote">
    <ignored/>
  </testcase> <!-- captureMandatoryForms -->
  <testcase name="@AfterSuite close" time="0.0" classname="appFunctions.Baseclass">
    <ignored/>
  </testcase> <!-- @AfterSuite close -->
  <testcase name="@AfterSuite close" time="0.0" classname="appFunctions.Baseclass">
    <ignored/>
  </testcase> <!-- @AfterSuite close -->
  <testcase name="@AfterSuite close" time="0.0" classname="appFunctions.Baseclass">
    <ignored/>
  </testcase> <!-- @AfterSuite close -->
  <testcase name="@AfterSuite close" time="0.0" classname="appFunctions.Baseclass">
    <ignored/>
  </testcase> <!-- @AfterSuite close -->
  <testcase name="@AfterSuite close" time="0.0" classname="appFunctions.Baseclass">
    <ignored/>
  </testcase> <!-- @AfterSuite close -->
  <testcase name="locationDetails" time="0.0" classname="appFunctions.PendingQuote">
    <ignored/>
  </testcase> <!-- locationDetails -->
  <testcase name="@BeforeTest Start" time="0.0" classname="appFunctions.Baseclass">
    <ignored/>
  </testcase> <!-- @BeforeTest Start -->
  <testcase name="@BeforeTest Start" time="0.0" classname="appFunctions.Baseclass">
    <ignored/>
  </testcase> <!-- @BeforeTest Start -->
  <testcase name="@BeforeTest Start" time="0.0" classname="appFunctions.Baseclass">
    <ignored/>
  </testcase> <!-- @BeforeTest Start -->
  <testcase name="@BeforeTest Start" time="0.0" classname="appFunctions.Baseclass">
    <ignored/>
  </testcase> <!-- @BeforeTest Start -->
  <testcase name="@BeforeTest Start" time="0.0" classname="appFunctions.Baseclass">
    <ignored/>
  </testcase> <!-- @BeforeTest Start -->
  <testcase name="quoteOptionalFormsValidation" time="0.0" classname="appFunctions.Quote">
    <ignored/>
  </testcase> <!-- quoteOptionalFormsValidation -->
  <testcase name="quotePremiumValidation" time="0.0" classname="appFunctions.Quote">
    <ignored/>
  </testcase> <!-- quotePremiumValidation -->
  <testcase name="addNewClassCodeAtSubmission" time="0.0" classname="appFunctions.Submission">
    <ignored/>
  </testcase> <!-- addNewClassCodeAtSubmission -->
  <testcase name="clickOnRateAtSubmission" time="0.0" classname="appFunctions.Submission">
    <ignored/>
  </testcase> <!-- clickOnRateAtSubmission -->
  <testcase name="captureClassCodeDetails" time="0.0" classname="appFunctions.QSM">
    <ignored/>
  </testcase> <!-- captureClassCodeDetails -->
  <testcase name="totalCreditDebit" time="0.0" classname="appFunctions.Submission">
    <ignored/>
  </testcase> <!-- totalCreditDebit -->
  <testcase name="fillInForms" time="0.0" classname="appFunctions.PendingQuote">
    <ignored/>
  </testcase> <!-- fillInForms -->
  <testcase name="searchPolicyInQSM" time="0.0" classname="appFunctions.QSM">
    <ignored/>
  </testcase> <!-- searchPolicyInQSM -->
  <testcase name="removeAdditionalCoveragePendingQuote" time="0.0" classname="appFunctions.PendingQuote">
    <ignored/>
  </testcase> <!-- removeAdditionalCoveragePendingQuote -->
  <testcase name="@AfterTest tearDown" time="0.0" classname="appFunctions.Baseclass">
    <ignored/>
  </testcase> <!-- @AfterTest tearDown -->
  <testcase name="@AfterTest tearDown" time="0.0" classname="appFunctions.Baseclass">
    <ignored/>
  </testcase> <!-- @AfterTest tearDown -->
  <testcase name="@AfterTest tearDown" time="0.0" classname="appFunctions.Baseclass">
    <ignored/>
  </testcase> <!-- @AfterTest tearDown -->
  <testcase name="@AfterTest tearDown" time="0.0" classname="appFunctions.Baseclass">
    <ignored/>
  </testcase> <!-- @AfterTest tearDown -->
  <testcase name="@AfterTest tearDown" time="0.0" classname="appFunctions.Baseclass">
    <ignored/>
  </testcase> <!-- @AfterTest tearDown -->
  <testcase name="projectInformation" time="0.0" classname="appFunctions.Submission">
    <ignored/>
  </testcase> <!-- projectInformation -->
  <testcase name="captureClassCodeDetails" time="0.0" classname="appFunctions.Quote">
    <ignored/>
  </testcase> <!-- captureClassCodeDetails -->
  <testcase name="@BeforeSuite Report" time="0.0" classname="appFunctions.Baseclass">
    <ignored/>
  </testcase> <!-- @BeforeSuite Report -->
  <testcase name="@BeforeSuite Report" time="0.0" classname="appFunctions.Baseclass">
    <ignored/>
  </testcase> <!-- @BeforeSuite Report -->
  <testcase name="@BeforeSuite Report" time="0.0" classname="appFunctions.Baseclass">
    <ignored/>
  </testcase> <!-- @BeforeSuite Report -->
  <testcase name="@BeforeSuite Report" time="0.0" classname="appFunctions.Baseclass">
    <ignored/>
  </testcase> <!-- @BeforeSuite Report -->
  <testcase name="@BeforeSuite Report" time="0.0" classname="appFunctions.Baseclass">
    <ignored/>
  </testcase> <!-- @BeforeSuite Report -->
</testsuite> <!-- 1Test10 -->
