<?xml version="1.0" encoding="UTF-8"?>
<!-- Generated by org.testng.reporters.JUnitXMLReporter -->
<testsuite ignored="16" hostname="DRAJU-XEN" failures="0" tests="9" name="1Test3" time="97.559" errors="0" timestamp="2021-06-21T11:07:23 IST">
  <testcase classname="appFunctions.QSM" name="launchApplication" time="7.598"/>
  <testcase classname="appFunctions.QSM" name="addAccount" time="17.997"/>
  <testcase classname="appFunctions.AccountCreation" name="accountCreation" time="12.271"/>
  <testcase classname="appFunctions.AccountCreation" name="clickOnSave" time="3.233"/>
  <testcase classname="appFunctions.Submission" name="clkOccAccAddButton" time="36.452"/>
  <testcase classname="appFunctions.Submission" name="policyInformation" time="1.326"/>
  <testcase classname="appFunctions.Submission" name="insuredMailingDetails" time="1.945"/>
  <testcase classname="appFunctions.Submission" name="producerDetails" time="11.853"/>
  <testcase classname="appFunctions.Submission" name="limitSection" time="2.737"/>
  <testcase classname="appFunctions.Submission" name="driverRiskSchedule" time="0.0">
    <ignored/>
  </testcase> <!-- driverRiskSchedule -->
  <testcase classname="appFunctions.Submission" name="underwriterInformation" time="0.0">
    <ignored/>
  </testcase> <!-- underwriterInformation -->
  <testcase classname="appFunctions.Submission" name="vehicleClassification" time="0.0">
    <ignored/>
  </testcase> <!-- vehicleClassification -->
  <testcase classname="appFunctions.Submission" name="occAccidentBenefitsSchedule" time="0.0">
    <ignored/>
  </testcase> <!-- occAccidentBenefitsSchedule -->
  <testcase classname="appFunctions.QSM" name="searchPolicyInQSM" time="0.0">
    <ignored/>
  </testcase> <!-- searchPolicyInQSM -->
  <testcase classname="appFunctions.Baseclass" name="@AfterSuite close" time="0.0">
    <ignored/>
  </testcase> <!-- @AfterSuite close -->
  <testcase classname="appFunctions.Baseclass" name="@AfterSuite close" time="0.0">
    <ignored/>
  </testcase> <!-- @AfterSuite close -->
  <testcase classname="appFunctions.Baseclass" name="@BeforeSuite Report" time="0.0">
    <ignored/>
  </testcase> <!-- @BeforeSuite Report -->
  <testcase classname="appFunctions.Baseclass" name="@BeforeSuite Report" time="0.0">
    <ignored/>
  </testcase> <!-- @BeforeSuite Report -->
  <testcase classname="appFunctions.Baseclass" name="@BeforeTest Start" time="0.0">
    <ignored/>
  </testcase> <!-- @BeforeTest Start -->
  <testcase classname="appFunctions.Baseclass" name="@BeforeTest Start" time="0.0">
    <ignored/>
  </testcase> <!-- @BeforeTest Start -->
  <testcase classname="appFunctions.Submission" name="vehicleRiskSchedule" time="0.0">
    <ignored/>
  </testcase> <!-- vehicleRiskSchedule -->
  <testcase classname="appFunctions.Submission" name="nonOccAccidentBenefitsSchedule" time="0.0">
    <ignored/>
  </testcase> <!-- nonOccAccidentBenefitsSchedule -->
  <testcase classname="appFunctions.Baseclass" name="@AfterTest tearDown" time="0.0">
    <ignored/>
  </testcase> <!-- @AfterTest tearDown -->
  <testcase classname="appFunctions.Baseclass" name="@AfterTest tearDown" time="0.0">
    <ignored/>
  </testcase> <!-- @AfterTest tearDown -->
  <testcase classname="appFunctions.Submission" name="importClaimsHistoryInfo" time="0.0">
    <ignored/>
  </testcase> <!-- importClaimsHistoryInfo -->
</testsuite> <!-- 1Test3 -->
