<?xml version="1.0" encoding="UTF-8"?>
<!-- Generated by org.testng.reporters.JUnitXMLReporter -->
<testsuite hostname="STM-W7-QTP66" ignored="36" name="1Test7" tests="14" failures="1" timestamp="06 Jun 2020 07:50:46 GMT" time="433.643" errors="0">
  <testcase name="launchApplication" time="2.798" classname="appFunctions.QSM"/>
  <testcase name="addSubmission" time="29.005" classname="appFunctions.QSM"/>
  <testcase name="quickQuote" time="21.733" classname="appFunctions.Indication"/>
  <testcase name="clickOnRate" time="17.257" classname="appFunctions.Indication"/>
  <testcase name="clickOnSubmission" time="29.881" classname="appFunctions.Submission"/>
  <testcase name="policyInformation" time="8.709" classname="appFunctions.Submission"/>
  <testcase name="insuredInformation" time="6.217" classname="appFunctions.Submission"/>
  <testcase name="addNewClassCodeAtSubmission" time="17.538" classname="appFunctions.Submission"/>
  <testcase name="addOptionalCoverages" time="6.627" classname="appFunctions.Submission"/>
  <testcase name="clickOnPendingQuote" time="58.469" classname="appFunctions.PendingQuote"/>
  <testcase name="agentDetails" time="15.81" classname="appFunctions.PendingQuote"/>
  <testcase name="insuredDetails" time="17.364" classname="appFunctions.PendingQuote"/>
  <testcase name="quoteClick" time="171.212" classname="appFunctions.Quote"/>
  <testcase name="dragAndDropAttachment" time="1.263" classname="appFunctions.Quote">
    <failure type="org.openqa.selenium.NoSuchElementException" message="no such element: Unable to locate element: {&amp;quot;method&amp;quot;:&amp;quot;xpath&amp;quot;,&amp;quot;selector&amp;quot;:&amp;quot;//ul[@id=&amp;apos;nav-desktop&amp;apos;]/li[@id=&amp;apos;AttachmentsTab&amp;apos;]/a[text()=&amp;apos;Attachments&amp;apos;]&amp;quot;}
  (Session info: chrome=83.0.4103.97)
For documentation on this error, please visit: http://seleniumhq.org/exceptions/no_such_element.html
Build info: version: &amp;apos;3.11.0&amp;apos;, revision: &amp;apos;e59cfb3&amp;apos;, time: &amp;apos;2018-03-11T20:26:55.152Z&amp;apos;
System info: host: &amp;apos;STM-W7-QTP66&amp;apos;, ip: &amp;apos;172.16.224.120&amp;apos;, os.name: &amp;apos;Windows 7&amp;apos;, os.arch: &amp;apos;amd64&amp;apos;, os.version: &amp;apos;6.1&amp;apos;, java.version: &amp;apos;1.8.0_192&amp;apos;
Driver info: org.openqa.selenium.chrome.ChromeDriver
Capabilities {acceptInsecureCerts: false, browserName: chrome, browserVersion: 83.0.4103.97, chrome: {chromedriverVersion: 83.0.4103.39 (ccbf011cb2d2b..., userDataDir: C:\Users\draju\AppData\Loca...}, goog:chromeOptions: {debuggerAddress: localhost:64042}, javascriptEnabled: true, networkConnectionEnabled: false, pageLoadStrategy: normal, platform: WINDOWS, platformName: WINDOWS, proxy: Proxy(), setWindowRect: true, strictFileInteractability: false, timeouts: {implicit: 0, pageLoad: 300000, script: 30000}, unhandledPromptBehavior: dismiss and notify, webauthn:virtualAuthenticators: true}
Session ID: 8fbf9f71686e69700c5ec9ba017cf6b3
*** Element info: {Using=xpath, value=//ul[@id=&amp;apos;nav-desktop&amp;apos;]/li[@id=&amp;apos;AttachmentsTab&amp;apos;]/a[text()=&amp;apos;Attachments&amp;apos;]}">
      <![CDATA[org.openqa.selenium.NoSuchElementException: no such element: Unable to locate element: {"method":"xpath","selector":"//ul[@id='nav-desktop']/li[@id='AttachmentsTab']/a[text()='Attachments']"}
  (Session info: chrome=83.0.4103.97)
For documentation on this error, please visit: http://seleniumhq.org/exceptions/no_such_element.html
Build info: version: '3.11.0', revision: 'e59cfb3', time: '2018-03-11T20:26:55.152Z'
System info: host: 'STM-W7-QTP66', ip: '172.16.224.120', os.name: 'Windows 7', os.arch: 'amd64', os.version: '6.1', java.version: '1.8.0_192'
Driver info: org.openqa.selenium.chrome.ChromeDriver
Capabilities {acceptInsecureCerts: false, browserName: chrome, browserVersion: 83.0.4103.97, chrome: {chromedriverVersion: 83.0.4103.39 (ccbf011cb2d2b..., userDataDir: C:\Users\draju\AppData\Loca...}, goog:chromeOptions: {debuggerAddress: localhost:64042}, javascriptEnabled: true, networkConnectionEnabled: false, pageLoadStrategy: normal, platform: WINDOWS, platformName: WINDOWS, proxy: Proxy(), setWindowRect: true, strictFileInteractability: false, timeouts: {implicit: 0, pageLoad: 300000, script: 30000}, unhandledPromptBehavior: dismiss and notify, webauthn:virtualAuthenticators: true}
Session ID: 8fbf9f71686e69700c5ec9ba017cf6b3
*** Element info: {Using=xpath, value=//ul[@id='nav-desktop']/li[@id='AttachmentsTab']/a[text()='Attachments']}
at org.openqa.selenium.remote.http.W3CHttpResponseCodec.createException(W3CHttpResponseCodec.java:187)
at org.openqa.selenium.remote.http.W3CHttpResponseCodec.decode(W3CHttpResponseCodec.java:122)
at org.openqa.selenium.remote.http.W3CHttpResponseCodec.decode(W3CHttpResponseCodec.java:49)
at org.openqa.selenium.remote.HttpCommandExecutor.execute(HttpCommandExecutor.java:158)
at org.openqa.selenium.remote.service.DriverCommandExecutor.execute(DriverCommandExecutor.java:83)
at org.openqa.selenium.remote.RemoteWebDriver.execute(RemoteWebDriver.java:545)
at org.openqa.selenium.remote.RemoteWebDriver.findElement(RemoteWebDriver.java:319)
at org.openqa.selenium.remote.RemoteWebDriver.findElementByXPath(RemoteWebDriver.java:421)
at org.openqa.selenium.By$ByXPath.findElement(By.java:361)
at org.openqa.selenium.remote.RemoteWebDriver.findElement(RemoteWebDriver.java:311)
at appFunctions.Quote.dragAndDropAttachment(Quote.java:100)
... Removed 29 stack frames]]>
    </failure>
  </testcase> <!-- dragAndDropAttachment -->
  <testcase name="minimumPremium" time="0.0" classname="appFunctions.Submission">
    <ignored/>
  </testcase> <!-- minimumPremium -->
  <testcase name="quoteMandatoryFormsValidation" time="0.0" classname="appFunctions.Quote">
    <ignored/>
  </testcase> <!-- quoteMandatoryFormsValidation -->
  <testcase name="removeClassCodeAtPendingQuote" time="0.0" classname="appFunctions.PendingQuote">
    <ignored/>
  </testcase> <!-- removeClassCodeAtPendingQuote -->
  <testcase name="compositeRate" time="0.0" classname="appFunctions.Submission">
    <ignored/>
  </testcase> <!-- compositeRate -->
  <testcase name="capturePreSelectedForms" time="0.0" classname="appFunctions.Quote">
    <ignored/>
  </testcase> <!-- capturePreSelectedForms -->
  <testcase name="clickOnRenewal" time="0.0" classname="appFunctions.QSM">
    <ignored/>
  </testcase> <!-- clickOnRenewal -->
  <testcase name="captureMandatoryForms" time="0.0" classname="appFunctions.Quote">
    <ignored/>
  </testcase> <!-- captureMandatoryForms -->
  <testcase name="@AfterSuite close" time="0.0" classname="appFunctions.Baseclass">
    <ignored/>
  </testcase> <!-- @AfterSuite close -->
  <testcase name="@AfterSuite close" time="0.0" classname="appFunctions.Baseclass">
    <ignored/>
  </testcase> <!-- @AfterSuite close -->
  <testcase name="@AfterSuite close" time="0.0" classname="appFunctions.Baseclass">
    <ignored/>
  </testcase> <!-- @AfterSuite close -->
  <testcase name="@AfterSuite close" time="0.0" classname="appFunctions.Baseclass">
    <ignored/>
  </testcase> <!-- @AfterSuite close -->
  <testcase name="locationDetails" time="0.0" classname="appFunctions.PendingQuote">
    <ignored/>
  </testcase> <!-- locationDetails -->
  <testcase name="@BeforeTest Start" time="0.0" classname="appFunctions.Baseclass">
    <ignored/>
  </testcase> <!-- @BeforeTest Start -->
  <testcase name="@BeforeTest Start" time="0.0" classname="appFunctions.Baseclass">
    <ignored/>
  </testcase> <!-- @BeforeTest Start -->
  <testcase name="@BeforeTest Start" time="0.0" classname="appFunctions.Baseclass">
    <ignored/>
  </testcase> <!-- @BeforeTest Start -->
  <testcase name="@BeforeTest Start" time="0.0" classname="appFunctions.Baseclass">
    <ignored/>
  </testcase> <!-- @BeforeTest Start -->
  <testcase name="quoteOptionalFormsValidation" time="0.0" classname="appFunctions.Quote">
    <ignored/>
  </testcase> <!-- quoteOptionalFormsValidation -->
  <testcase name="quotePremiumValidation" time="0.0" classname="appFunctions.Quote">
    <ignored/>
  </testcase> <!-- quotePremiumValidation -->
  <testcase name="clickOnRateAtSubmission" time="0.0" classname="appFunctions.Submission">
    <ignored/>
  </testcase> <!-- clickOnRateAtSubmission -->
  <testcase name="captureClassCodeDetails" time="0.0" classname="appFunctions.QSM">
    <ignored/>
  </testcase> <!-- captureClassCodeDetails -->
  <testcase name="totalCreditDebit" time="0.0" classname="appFunctions.Submission">
    <ignored/>
  </testcase> <!-- totalCreditDebit -->
  <testcase name="searchPolicyInQSM" time="0.0" classname="appFunctions.QSM">
    <ignored/>
  </testcase> <!-- searchPolicyInQSM -->
  <testcase name="removeAdditionalCoveragePendingQuote" time="0.0" classname="appFunctions.PendingQuote">
    <ignored/>
  </testcase> <!-- removeAdditionalCoveragePendingQuote -->
  <testcase name="@AfterTest tearDown" time="0.0" classname="appFunctions.Baseclass">
    <ignored/>
  </testcase> <!-- @AfterTest tearDown -->
  <testcase name="@AfterTest tearDown" time="0.0" classname="appFunctions.Baseclass">
    <ignored/>
  </testcase> <!-- @AfterTest tearDown -->
  <testcase name="@AfterTest tearDown" time="0.0" classname="appFunctions.Baseclass">
    <ignored/>
  </testcase> <!-- @AfterTest tearDown -->
  <testcase name="@AfterTest tearDown" time="0.0" classname="appFunctions.Baseclass">
    <ignored/>
  </testcase> <!-- @AfterTest tearDown -->
  <testcase name="projectInformation" time="0.0" classname="appFunctions.Submission">
    <ignored/>
  </testcase> <!-- projectInformation -->
  <testcase name="enterDataFillInFormsPreSelected" time="0.0" classname="appFunctions.PendingQuote">
    <ignored/>
  </testcase> <!-- enterDataFillInFormsPreSelected -->
  <testcase name="captureClassCodeDetails" time="0.0" classname="appFunctions.Quote">
    <ignored/>
  </testcase> <!-- captureClassCodeDetails -->
  <testcase name="@BeforeSuite Report" time="0.0" classname="appFunctions.Baseclass">
    <ignored/>
  </testcase> <!-- @BeforeSuite Report -->
  <testcase name="@BeforeSuite Report" time="0.0" classname="appFunctions.Baseclass">
    <ignored/>
  </testcase> <!-- @BeforeSuite Report -->
  <testcase name="@BeforeSuite Report" time="0.0" classname="appFunctions.Baseclass">
    <ignored/>
  </testcase> <!-- @BeforeSuite Report -->
  <testcase name="@BeforeSuite Report" time="0.0" classname="appFunctions.Baseclass">
    <ignored/>
  </testcase> <!-- @BeforeSuite Report -->
  <testcase name="limitSection" time="0.0" classname="appFunctions.Submission">
    <ignored/>
  </testcase> <!-- limitSection -->
  <testcase name="enterDataFillInFormsMandatory" time="0.0" classname="appFunctions.PendingQuote">
    <ignored/>
  </testcase> <!-- enterDataFillInFormsMandatory -->
</testsuite> <!-- 1Test7 -->
