<?xml version="1.0" encoding="UTF-8"?>
<!-- Generated by org.testng.reporters.JUnitXMLReporter -->
<testsuite hostname="STM-W7-QTP66" ignored="67" name="2Test4" tests="27" failures="2" timestamp="08 Jul 2020 18:58:40 GMT" time="2114.763" errors="0">
  <testcase name="launchApplication" time="2.145" classname="appFunctions.QSM"/>
  <testcase name="addSubmission" time="27.238" classname="appFunctions.QSM"/>
  <testcase name="quickQuote" time="19.491" classname="appFunctions.Indication"/>
  <testcase name="clickOnRate" time="19.062" classname="appFunctions.Indication"/>
  <testcase name="clickOnSubmission" time="46.989" classname="appFunctions.Submission"/>
  <testcase name="policyInformation" time="10.303" classname="appFunctions.Submission"/>
  <testcase name="insuredInformation" time="7.192" classname="appFunctions.Submission"/>
  <testcase name="limitSection" time="21.242" classname="appFunctions.Submission"/>
  <testcase name="projectInformation" time="18.908" classname="appFunctions.Submission"/>
  <testcase name="addOptionalCoverages" time="21.308" classname="appFunctions.Submission"/>
  <testcase name="clickOnPendingQuote" time="113.843" classname="appFunctions.PendingQuote"/>
  <testcase name="agentDetails" time="12.629" classname="appFunctions.PendingQuote"/>
  <testcase name="insuredDetails" time="18.07" classname="appFunctions.PendingQuote"/>
  <testcase name="quoteClick" time="185.737" classname="appFunctions.Quote"/>
  <testcase name="pendingBindClick" time="54.322" classname="appFunctions.Bound"/>
  <testcase name="bindClick" time="318.254" classname="appFunctions.Bound"/>
  <testcase name="preparePolicyClick" time="49.917" classname="appFunctions.Bound"/>
  <testcase name="issueClick" time="194.989" classname="appFunctions.Bound"/>
  <testcase name="clickOnPendingCancellation" time="6.521" classname="appFunctions.Cancellation"/>
  <testcase name="proRateCancellation" time="361.966" classname="appFunctions.Cancellation"/>
  <testcase name="clickonReinstate" time="260.58" classname="appFunctions.Reinstatement"/>
  <testcase name="clickOnPendingEndorsement" time="46.672" classname="appFunctions.Endorsement"/>
  <testcase name="pendingEndorsement" time="6.41" classname="appFunctions.Endorsement"/>
  <testcase name="changeInExposure" time="7.896" classname="appFunctions.Endorsement"/>
  <testcase name="clickOnEndorsementRate" time="63.325" classname="appFunctions.Endorsement">
    <failure type="java.lang.NoClassDefFoundError" message="org/openqa/selenium/WrapsDriver">
      <![CDATA[java.lang.NoClassDefFoundError: org/openqa/selenium/WrapsDriver
at org.openqa.selenium.support.ui.WebDriverWait.timeoutException(WebDriverWait.java:115)
at org.openqa.selenium.support.ui.FluentWait.until(FluentWait.java:283)
at appFunctions.Endorsement.clickOnEndorsementRate(Endorsement.java:788)
... Removed 25 stack frames]]>
    </failure>
  </testcase> <!-- clickOnEndorsementRate -->
  <testcase name="policyChangeEndorsementVersion" time="27.568" classname="appFunctions.Endorsement"/>
  <testcase name="clickOnEndorse" time="185.682" classname="appFunctions.Endorsement">
    <failure type="java.lang.NoClassDefFoundError" message="org/openqa/selenium/WrapsDriver">
      <![CDATA[java.lang.NoClassDefFoundError: org/openqa/selenium/WrapsDriver
at org.openqa.selenium.support.ui.WebDriverWait.timeoutException(WebDriverWait.java:115)
at org.openqa.selenium.support.ui.FluentWait.until(FluentWait.java:283)
at HSF.GenericMethods.performanceCheckTransaction(GenericMethods.java:521)
at appFunctions.Endorsement.clickOnEndorse(Endorsement.java:812)
... Removed 25 stack frames]]>
    </failure>
  </testcase> <!-- clickOnEndorse -->
  <testcase name="minimumPremium" time="0.0" classname="appFunctions.Submission">
    <ignored/>
  </testcase> <!-- minimumPremium -->
  <testcase name="minimumPremiumAtEndorse" time="0.0" classname="appFunctions.Endorsement">
    <ignored/>
  </testcase> <!-- minimumPremiumAtEndorse -->
  <testcase name="removeClassCodeAtPendingQuote" time="0.0" classname="appFunctions.PendingQuote">
    <ignored/>
  </testcase> <!-- removeClassCodeAtPendingQuote -->
  <testcase name="cancellationPolicyChangeEndorsement" time="0.0" classname="appFunctions.Cancellation">
    <ignored/>
  </testcase> <!-- cancellationPolicyChangeEndorsement -->
  <testcase name="compositeRate" time="0.0" classname="appFunctions.Submission">
    <ignored/>
  </testcase> <!-- compositeRate -->
  <testcase name="removeAdditionalCoverage" time="0.0" classname="appFunctions.Endorsement">
    <ignored/>
  </testcase> <!-- removeAdditionalCoverage -->
  <testcase name="locationDetails" time="0.0" classname="appFunctions.PendingQuote">
    <ignored/>
  </testcase> <!-- locationDetails -->
  <testcase name="@BeforeTest Start" time="0.0" classname="appFunctions.Baseclass">
    <ignored/>
  </testcase> <!-- @BeforeTest Start -->
  <testcase name="@BeforeTest Start" time="0.0" classname="appFunctions.Baseclass">
    <ignored/>
  </testcase> <!-- @BeforeTest Start -->
  <testcase name="@BeforeTest Start" time="0.0" classname="appFunctions.Baseclass">
    <ignored/>
  </testcase> <!-- @BeforeTest Start -->
  <testcase name="@BeforeTest Start" time="0.0" classname="appFunctions.Baseclass">
    <ignored/>
  </testcase> <!-- @BeforeTest Start -->
  <testcase name="@BeforeTest Start" time="0.0" classname="appFunctions.Baseclass">
    <ignored/>
  </testcase> <!-- @BeforeTest Start -->
  <testcase name="@BeforeTest Start" time="0.0" classname="appFunctions.Baseclass">
    <ignored/>
  </testcase> <!-- @BeforeTest Start -->
  <testcase name="@BeforeTest Start" time="0.0" classname="appFunctions.Baseclass">
    <ignored/>
  </testcase> <!-- @BeforeTest Start -->
  <testcase name="@BeforeTest Start" time="0.0" classname="appFunctions.Baseclass">
    <ignored/>
  </testcase> <!-- @BeforeTest Start -->
  <testcase name="changeLimits" time="0.0" classname="appFunctions.Endorsement">
    <ignored/>
  </testcase> <!-- changeLimits -->
  <testcase name="validateEndorsementPremium" time="0.0" classname="appFunctions.Endorsement">
    <ignored/>
  </testcase> <!-- validateEndorsementPremium -->
  <testcase name="removeClassCodeAtEndorsement" time="0.0" classname="appFunctions.Endorsement">
    <ignored/>
  </testcase> <!-- removeClassCodeAtEndorsement -->
  <testcase name="captureClassCodeDetails" time="0.0" classname="appFunctions.QSM">
    <ignored/>
  </testcase> <!-- captureClassCodeDetails -->
  <testcase name="addAdditionalCoverageAtEndorse" time="0.0" classname="appFunctions.Endorsement">
    <ignored/>
  </testcase> <!-- addAdditionalCoverageAtEndorse -->
  <testcase name="totalCreditDebit" time="0.0" classname="appFunctions.Submission">
    <ignored/>
  </testcase> <!-- totalCreditDebit -->
  <testcase name="fillInForms" time="0.0" classname="appFunctions.PendingQuote">
    <ignored/>
  </testcase> <!-- fillInForms -->
  <testcase name="removeAdditionalCoveragePendingQuote" time="0.0" classname="appFunctions.PendingQuote">
    <ignored/>
  </testcase> <!-- removeAdditionalCoveragePendingQuote -->
  <testcase name="unCheckCompositeRateAtEndorse" time="0.0" classname="appFunctions.Endorsement">
    <ignored/>
  </testcase> <!-- unCheckCompositeRateAtEndorse -->
  <testcase name="dragAndDropAttachment" time="0.0" classname="appFunctions.Quote">
    <ignored/>
  </testcase> <!-- dragAndDropAttachment -->
  <testcase name="quoteMandatoryFormsValidation" time="0.0" classname="appFunctions.Quote">
    <ignored/>
  </testcase> <!-- quoteMandatoryFormsValidation -->
  <testcase name="capturePreSelectedForms" time="0.0" classname="appFunctions.Quote">
    <ignored/>
  </testcase> <!-- capturePreSelectedForms -->
  <testcase name="clickOnRenewal" time="0.0" classname="appFunctions.QSM">
    <ignored/>
  </testcase> <!-- clickOnRenewal -->
  <testcase name="validateReinstatement" time="0.0" classname="appFunctions.Reinstatement">
    <ignored/>
  </testcase> <!-- validateReinstatement -->
  <testcase name="captureMandatoryForms" time="0.0" classname="appFunctions.Quote">
    <ignored/>
  </testcase> <!-- captureMandatoryForms -->
  <testcase name="compositeRateAtEndorse" time="0.0" classname="appFunctions.Endorsement">
    <ignored/>
  </testcase> <!-- compositeRateAtEndorse -->
  <testcase name="@AfterSuite close" time="0.0" classname="appFunctions.Baseclass">
    <ignored/>
  </testcase> <!-- @AfterSuite close -->
  <testcase name="@AfterSuite close" time="0.0" classname="appFunctions.Baseclass">
    <ignored/>
  </testcase> <!-- @AfterSuite close -->
  <testcase name="@AfterSuite close" time="0.0" classname="appFunctions.Baseclass">
    <ignored/>
  </testcase> <!-- @AfterSuite close -->
  <testcase name="@AfterSuite close" time="0.0" classname="appFunctions.Baseclass">
    <ignored/>
  </testcase> <!-- @AfterSuite close -->
  <testcase name="@AfterSuite close" time="0.0" classname="appFunctions.Baseclass">
    <ignored/>
  </testcase> <!-- @AfterSuite close -->
  <testcase name="@AfterSuite close" time="0.0" classname="appFunctions.Baseclass">
    <ignored/>
  </testcase> <!-- @AfterSuite close -->
  <testcase name="@AfterSuite close" time="0.0" classname="appFunctions.Baseclass">
    <ignored/>
  </testcase> <!-- @AfterSuite close -->
  <testcase name="@AfterSuite close" time="0.0" classname="appFunctions.Baseclass">
    <ignored/>
  </testcase> <!-- @AfterSuite close -->
  <testcase name="cancellationInformation" time="0.0" classname="appFunctions.Cancellation">
    <ignored/>
  </testcase> <!-- cancellationInformation -->
  <testcase name="quoteOptionalFormsValidation" time="0.0" classname="appFunctions.Quote">
    <ignored/>
  </testcase> <!-- quoteOptionalFormsValidation -->
  <testcase name="flatCancellation" time="0.0" classname="appFunctions.Cancellation">
    <ignored/>
  </testcase> <!-- flatCancellation -->
  <testcase name="addNewClassCodeAtEndorsement" time="0.0" classname="appFunctions.Endorsement">
    <ignored/>
  </testcase> <!-- addNewClassCodeAtEndorsement -->
  <testcase name="validateCancellationPremium" time="0.0" classname="appFunctions.Cancellation">
    <ignored/>
  </testcase> <!-- validateCancellationPremium -->
  <testcase name="quotePremiumValidation" time="0.0" classname="appFunctions.Quote">
    <ignored/>
  </testcase> <!-- quotePremiumValidation -->
  <testcase name="addNewClassCodeAtSubmission" time="0.0" classname="appFunctions.Submission">
    <ignored/>
  </testcase> <!-- addNewClassCodeAtSubmission -->
  <testcase name="clickOnRateAtSubmission" time="0.0" classname="appFunctions.Submission">
    <ignored/>
  </testcase> <!-- clickOnRateAtSubmission -->
  <testcase name="validationofTransactionHistory" time="0.0" classname="appFunctions.Bound">
    <ignored/>
  </testcase> <!-- validationofTransactionHistory -->
  <testcase name="searchPolicyInQSM" time="0.0" classname="appFunctions.QSM">
    <ignored/>
  </testcase> <!-- searchPolicyInQSM -->
  <testcase name="@AfterTest tearDown" time="0.0" classname="appFunctions.Baseclass">
    <ignored/>
  </testcase> <!-- @AfterTest tearDown -->
  <testcase name="endorsementMandatoryFormsValidation" time="0.0" classname="appFunctions.Endorsement">
    <ignored/>
  </testcase> <!-- endorsementMandatoryFormsValidation -->
  <testcase name="@AfterTest tearDown" time="0.0" classname="appFunctions.Baseclass">
    <ignored/>
  </testcase> <!-- @AfterTest tearDown -->
  <testcase name="@AfterTest tearDown" time="0.0" classname="appFunctions.Baseclass">
    <ignored/>
  </testcase> <!-- @AfterTest tearDown -->
  <testcase name="@AfterTest tearDown" time="0.0" classname="appFunctions.Baseclass">
    <ignored/>
  </testcase> <!-- @AfterTest tearDown -->
  <testcase name="@AfterTest tearDown" time="0.0" classname="appFunctions.Baseclass">
    <ignored/>
  </testcase> <!-- @AfterTest tearDown -->
  <testcase name="@AfterTest tearDown" time="0.0" classname="appFunctions.Baseclass">
    <ignored/>
  </testcase> <!-- @AfterTest tearDown -->
  <testcase name="@AfterTest tearDown" time="0.0" classname="appFunctions.Baseclass">
    <ignored/>
  </testcase> <!-- @AfterTest tearDown -->
  <testcase name="@AfterTest tearDown" time="0.0" classname="appFunctions.Baseclass">
    <ignored/>
  </testcase> <!-- @AfterTest tearDown -->
  <testcase name="captureClassCodeDetails" time="0.0" classname="appFunctions.Quote">
    <ignored/>
  </testcase> <!-- captureClassCodeDetails -->
  <testcase name="@BeforeSuite Report" time="0.0" classname="appFunctions.Baseclass">
    <ignored/>
  </testcase> <!-- @BeforeSuite Report -->
  <testcase name="@BeforeSuite Report" time="0.0" classname="appFunctions.Baseclass">
    <ignored/>
  </testcase> <!-- @BeforeSuite Report -->
  <testcase name="@BeforeSuite Report" time="0.0" classname="appFunctions.Baseclass">
    <ignored/>
  </testcase> <!-- @BeforeSuite Report -->
  <testcase name="@BeforeSuite Report" time="0.0" classname="appFunctions.Baseclass">
    <ignored/>
  </testcase> <!-- @BeforeSuite Report -->
  <testcase name="@BeforeSuite Report" time="0.0" classname="appFunctions.Baseclass">
    <ignored/>
  </testcase> <!-- @BeforeSuite Report -->
  <testcase name="@BeforeSuite Report" time="0.0" classname="appFunctions.Baseclass">
    <ignored/>
  </testcase> <!-- @BeforeSuite Report -->
  <testcase name="@BeforeSuite Report" time="0.0" classname="appFunctions.Baseclass">
    <ignored/>
  </testcase> <!-- @BeforeSuite Report -->
  <testcase name="@BeforeSuite Report" time="0.0" classname="appFunctions.Baseclass">
    <ignored/>
  </testcase> <!-- @BeforeSuite Report -->
</testsuite> <!-- 2Test4 -->
