<?xml version="1.0" encoding="UTF-8"?>
<!-- Generated by org.testng.reporters.JUnitXMLReporter -->
<testsuite hostname="STM-W7-QTP66" ignored="40" name="2Test9" tests="14" failures="1" timestamp="08 Jul 2020 23:20:19 GMT" time="558.98" errors="0">
  <testcase name="launchApplication" time="2.159" classname="appFunctions.QSM"/>
  <testcase name="addSubmission" time="28.825" classname="appFunctions.QSM"/>
  <testcase name="quickQuote" time="19.455" classname="appFunctions.Indication"/>
  <testcase name="clickOnRate" time="98.278" classname="appFunctions.Indication">
    <failure type="java.lang.NoClassDefFoundError" message="org/openqa/selenium/WrapsDriver">
      <![CDATA[java.lang.NoClassDefFoundError: org/openqa/selenium/WrapsDriver
at org.openqa.selenium.support.ui.WebDriverWait.timeoutException(WebDriverWait.java:115)
at org.openqa.selenium.support.ui.FluentWait.until(FluentWait.java:283)
at appFunctions.Indication.clickOnRate(Indication.java:68)
... Removed 25 stack frames]]>
    </failure>
  </testcase> <!-- clickOnRate -->
  <testcase name="clickOnSubmission" time="42.552" classname="appFunctions.Submission"/>
  <testcase name="policyInformation" time="7.883" classname="appFunctions.Submission"/>
  <testcase name="insuredInformation" time="4.393" classname="appFunctions.Submission"/>
  <testcase name="limitSection" time="9.847" classname="appFunctions.Submission"/>
  <testcase name="addOptionalCoverages" time="19.62" classname="appFunctions.Submission"/>
  <testcase name="clickOnPendingQuote" time="85.51" classname="appFunctions.PendingQuote"/>
  <testcase name="agentDetails" time="12.251" classname="appFunctions.PendingQuote"/>
  <testcase name="insuredDetails" time="14.257" classname="appFunctions.PendingQuote"/>
  <testcase name="quoteClick" time="151.349" classname="appFunctions.Quote"/>
  <testcase name="clickOnDecline" time="55.732" classname="appFunctions.Decline"/>
  <testcase name="minimumPremium" time="0.0" classname="appFunctions.Submission">
    <ignored/>
  </testcase> <!-- minimumPremium -->
  <testcase name="dragAndDropAttachment" time="0.0" classname="appFunctions.Quote">
    <ignored/>
  </testcase> <!-- dragAndDropAttachment -->
  <testcase name="quoteMandatoryFormsValidation" time="0.0" classname="appFunctions.Quote">
    <ignored/>
  </testcase> <!-- quoteMandatoryFormsValidation -->
  <testcase name="removeClassCodeAtPendingQuote" time="0.0" classname="appFunctions.PendingQuote">
    <ignored/>
  </testcase> <!-- removeClassCodeAtPendingQuote -->
  <testcase name="compositeRate" time="0.0" classname="appFunctions.Submission">
    <ignored/>
  </testcase> <!-- compositeRate -->
  <testcase name="capturePreSelectedForms" time="0.0" classname="appFunctions.Quote">
    <ignored/>
  </testcase> <!-- capturePreSelectedForms -->
  <testcase name="clickOnRenewal" time="0.0" classname="appFunctions.QSM">
    <ignored/>
  </testcase> <!-- clickOnRenewal -->
  <testcase name="captureMandatoryForms" time="0.0" classname="appFunctions.Quote">
    <ignored/>
  </testcase> <!-- captureMandatoryForms -->
  <testcase name="@AfterSuite close" time="0.0" classname="appFunctions.Baseclass">
    <ignored/>
  </testcase> <!-- @AfterSuite close -->
  <testcase name="@AfterSuite close" time="0.0" classname="appFunctions.Baseclass">
    <ignored/>
  </testcase> <!-- @AfterSuite close -->
  <testcase name="@AfterSuite close" time="0.0" classname="appFunctions.Baseclass">
    <ignored/>
  </testcase> <!-- @AfterSuite close -->
  <testcase name="@AfterSuite close" time="0.0" classname="appFunctions.Baseclass">
    <ignored/>
  </testcase> <!-- @AfterSuite close -->
  <testcase name="@AfterSuite close" time="0.0" classname="appFunctions.Baseclass">
    <ignored/>
  </testcase> <!-- @AfterSuite close -->
  <testcase name="locationDetails" time="0.0" classname="appFunctions.PendingQuote">
    <ignored/>
  </testcase> <!-- locationDetails -->
  <testcase name="@BeforeTest Start" time="0.0" classname="appFunctions.Baseclass">
    <ignored/>
  </testcase> <!-- @BeforeTest Start -->
  <testcase name="@BeforeTest Start" time="0.0" classname="appFunctions.Baseclass">
    <ignored/>
  </testcase> <!-- @BeforeTest Start -->
  <testcase name="@BeforeTest Start" time="0.0" classname="appFunctions.Baseclass">
    <ignored/>
  </testcase> <!-- @BeforeTest Start -->
  <testcase name="@BeforeTest Start" time="0.0" classname="appFunctions.Baseclass">
    <ignored/>
  </testcase> <!-- @BeforeTest Start -->
  <testcase name="@BeforeTest Start" time="0.0" classname="appFunctions.Baseclass">
    <ignored/>
  </testcase> <!-- @BeforeTest Start -->
  <testcase name="quoteOptionalFormsValidation" time="0.0" classname="appFunctions.Quote">
    <ignored/>
  </testcase> <!-- quoteOptionalFormsValidation -->
  <testcase name="quotePremiumValidation" time="0.0" classname="appFunctions.Quote">
    <ignored/>
  </testcase> <!-- quotePremiumValidation -->
  <testcase name="addNewClassCodeAtSubmission" time="0.0" classname="appFunctions.Submission">
    <ignored/>
  </testcase> <!-- addNewClassCodeAtSubmission -->
  <testcase name="clickOnRateAtSubmission" time="0.0" classname="appFunctions.Submission">
    <ignored/>
  </testcase> <!-- clickOnRateAtSubmission -->
  <testcase name="captureClassCodeDetails" time="0.0" classname="appFunctions.QSM">
    <ignored/>
  </testcase> <!-- captureClassCodeDetails -->
  <testcase name="totalCreditDebit" time="0.0" classname="appFunctions.Submission">
    <ignored/>
  </testcase> <!-- totalCreditDebit -->
  <testcase name="fillInForms" time="0.0" classname="appFunctions.PendingQuote">
    <ignored/>
  </testcase> <!-- fillInForms -->
  <testcase name="searchPolicyInQSM" time="0.0" classname="appFunctions.QSM">
    <ignored/>
  </testcase> <!-- searchPolicyInQSM -->
  <testcase name="removeAdditionalCoveragePendingQuote" time="0.0" classname="appFunctions.PendingQuote">
    <ignored/>
  </testcase> <!-- removeAdditionalCoveragePendingQuote -->
  <testcase name="@AfterTest tearDown" time="0.0" classname="appFunctions.Baseclass">
    <ignored/>
  </testcase> <!-- @AfterTest tearDown -->
  <testcase name="@AfterTest tearDown" time="0.0" classname="appFunctions.Baseclass">
    <ignored/>
  </testcase> <!-- @AfterTest tearDown -->
  <testcase name="@AfterTest tearDown" time="0.0" classname="appFunctions.Baseclass">
    <ignored/>
  </testcase> <!-- @AfterTest tearDown -->
  <testcase name="@AfterTest tearDown" time="0.0" classname="appFunctions.Baseclass">
    <ignored/>
  </testcase> <!-- @AfterTest tearDown -->
  <testcase name="@AfterTest tearDown" time="0.0" classname="appFunctions.Baseclass">
    <ignored/>
  </testcase> <!-- @AfterTest tearDown -->
  <testcase name="projectInformation" time="0.0" classname="appFunctions.Submission">
    <ignored/>
  </testcase> <!-- projectInformation -->
  <testcase name="captureClassCodeDetails" time="0.0" classname="appFunctions.Quote">
    <ignored/>
  </testcase> <!-- captureClassCodeDetails -->
  <testcase name="@BeforeSuite Report" time="0.0" classname="appFunctions.Baseclass">
    <ignored/>
  </testcase> <!-- @BeforeSuite Report -->
  <testcase name="@BeforeSuite Report" time="0.0" classname="appFunctions.Baseclass">
    <ignored/>
  </testcase> <!-- @BeforeSuite Report -->
  <testcase name="@BeforeSuite Report" time="0.0" classname="appFunctions.Baseclass">
    <ignored/>
  </testcase> <!-- @BeforeSuite Report -->
  <testcase name="@BeforeSuite Report" time="0.0" classname="appFunctions.Baseclass">
    <ignored/>
  </testcase> <!-- @BeforeSuite Report -->
  <testcase name="@BeforeSuite Report" time="0.0" classname="appFunctions.Baseclass">
    <ignored/>
  </testcase> <!-- @BeforeSuite Report -->
</testsuite> <!-- 2Test9 -->
