<?xml version="1.0" encoding="UTF-8"?>
<!-- Generated by org.testng.reporters.JUnitXMLReporter -->
<testsuite ignored="55" hostname="APANGA-XEN" failures="0" tests="15" name="3Test33" time="733.108" errors="0" timestamp="2021-10-05T21:06:09 IST">
  <testcase classname="appFunctions.Login" name="launchApplication" time="13.332"/>
  <testcase classname="appFunctions.AdminLogin" name="adminLogin" time="15.861"/>
  <testcase classname="appFunctions.AdminHomePage" name="adminBuyABond" time="19.899"/>
  <testcase classname="appFunctions.FindBondType" name="clickABond" time="15.387"/>
  <testcase classname="appFunctions.InitialBondInformation" name="selectBondFamily" time="27.231"/>
  <testcase classname="appFunctions.WhoIsTheBondApplicant" name="clickOnAddPerson" time="39.104"/>
  <testcase classname="appFunctions.WhoIsTheBondApplicant" name="chooseApplicant" time="11.186"/>
  <testcase classname="appFunctions.Questions" name="questions" time="8.464"/>
  <testcase classname="appFunctions.ApplicationSummary" name="validateApplicationSummary" time="4.626"/>
  <testcase classname="appFunctions.ApplicationStatus" name="clickGoToBond" time="0.194"/>
  <testcase classname="appFunctions.Bond" name="getAccountNumber" time="1.633"/>
  <testcase classname="appFunctions.AdminBond" name="approveBond" time="75.353"/>
  <testcase classname="appFunctions.Requote" name="requote" time="95.609"/>
  <testcase classname="appFunctions.PurchaseQuoteAgents" name="purchaseQuote" time="17.428"/>
  <testcase classname="appFunctions.PurchaseQuoteAgents" name="billingTypeSlt" time="353.586"/>
  <testcase classname="appFunctions.Login" name="forgotPassword" time="0.0">
    <ignored/>
  </testcase> <!-- forgotPassword -->
  <testcase classname="appFunctions.Baseclass" name="@BeforeTest Start" time="0.0">
    <ignored/>
  </testcase> <!-- @BeforeTest Start -->
  <testcase classname="appFunctions.Baseclass" name="@BeforeTest Start" time="0.0">
    <ignored/>
  </testcase> <!-- @BeforeTest Start -->
  <testcase classname="appFunctions.Baseclass" name="@BeforeTest Start" time="0.0">
    <ignored/>
  </testcase> <!-- @BeforeTest Start -->
  <testcase classname="appFunctions.Baseclass" name="@BeforeTest Start" time="0.0">
    <ignored/>
  </testcase> <!-- @BeforeTest Start -->
  <testcase classname="appFunctions.Baseclass" name="@BeforeTest Start" time="0.0">
    <ignored/>
  </testcase> <!-- @BeforeTest Start -->
  <testcase classname="appFunctions.Baseclass" name="@BeforeTest Start" time="0.0">
    <ignored/>
  </testcase> <!-- @BeforeTest Start -->
  <testcase classname="appFunctions.Baseclass" name="@BeforeTest Start" time="0.0">
    <ignored/>
  </testcase> <!-- @BeforeTest Start -->
  <testcase classname="appFunctions.Baseclass" name="@BeforeTest Start" time="0.0">
    <ignored/>
  </testcase> <!-- @BeforeTest Start -->
  <testcase classname="appFunctions.Baseclass" name="@BeforeTest Start" time="0.0">
    <ignored/>
  </testcase> <!-- @BeforeTest Start -->
  <testcase classname="appFunctions.Baseclass" name="@BeforeTest Start" time="0.0">
    <ignored/>
  </testcase> <!-- @BeforeTest Start -->
  <testcase classname="appFunctions.Baseclass" name="@BeforeTest Start" time="0.0">
    <ignored/>
  </testcase> <!-- @BeforeTest Start -->
  <testcase classname="appFunctions.Baseclass" name="@BeforeTest Start" time="0.0">
    <ignored/>
  </testcase> <!-- @BeforeTest Start -->
  <testcase classname="appFunctions.AdminHomePage" name="findBond" time="0.0">
    <ignored/>
  </testcase> <!-- findBond -->
  <testcase classname="appFunctions.Login" name="login" time="0.0">
    <ignored/>
  </testcase> <!-- login -->
  <testcase classname="appFunctions.PurchaseQuoteAgents" name="cancelPurchaseQuote" time="0.0">
    <ignored/>
  </testcase> <!-- cancelPurchaseQuote -->
  <testcase classname="appFunctions.WhoIsTheBondApplicant" name="back" time="0.0">
    <ignored/>
  </testcase> <!-- back -->
  <testcase classname="appFunctions.WhoIsTheBondApplicant" name="remove" time="0.0">
    <ignored/>
  </testcase> <!-- remove -->
  <testcase classname="appFunctions.Baseclass" name="@AfterSuite close" time="0.0">
    <ignored/>
  </testcase> <!-- @AfterSuite close -->
  <testcase classname="appFunctions.Baseclass" name="@AfterSuite close" time="0.0">
    <ignored/>
  </testcase> <!-- @AfterSuite close -->
  <testcase classname="appFunctions.Baseclass" name="@AfterSuite close" time="0.0">
    <ignored/>
  </testcase> <!-- @AfterSuite close -->
  <testcase classname="appFunctions.Baseclass" name="@AfterSuite close" time="0.0">
    <ignored/>
  </testcase> <!-- @AfterSuite close -->
  <testcase classname="appFunctions.Baseclass" name="@AfterSuite close" time="0.0">
    <ignored/>
  </testcase> <!-- @AfterSuite close -->
  <testcase classname="appFunctions.Baseclass" name="@AfterSuite close" time="0.0">
    <ignored/>
  </testcase> <!-- @AfterSuite close -->
  <testcase classname="appFunctions.Baseclass" name="@AfterSuite close" time="0.0">
    <ignored/>
  </testcase> <!-- @AfterSuite close -->
  <testcase classname="appFunctions.Baseclass" name="@AfterSuite close" time="0.0">
    <ignored/>
  </testcase> <!-- @AfterSuite close -->
  <testcase classname="appFunctions.Baseclass" name="@AfterSuite close" time="0.0">
    <ignored/>
  </testcase> <!-- @AfterSuite close -->
  <testcase classname="appFunctions.Baseclass" name="@AfterSuite close" time="0.0">
    <ignored/>
  </testcase> <!-- @AfterSuite close -->
  <testcase classname="appFunctions.Baseclass" name="@AfterSuite close" time="0.0">
    <ignored/>
  </testcase> <!-- @AfterSuite close -->
  <testcase classname="appFunctions.Baseclass" name="@AfterSuite close" time="0.0">
    <ignored/>
  </testcase> <!-- @AfterSuite close -->
  <testcase classname="appFunctions.Bond" name="bondcancel" time="0.0">
    <ignored/>
  </testcase> <!-- bondcancel -->
  <testcase classname="appFunctions.Baseclass" name="@AfterTest tearDown" time="0.0">
    <ignored/>
  </testcase> <!-- @AfterTest tearDown -->
  <testcase classname="appFunctions.Baseclass" name="@AfterTest tearDown" time="0.0">
    <ignored/>
  </testcase> <!-- @AfterTest tearDown -->
  <testcase classname="appFunctions.Baseclass" name="@AfterTest tearDown" time="0.0">
    <ignored/>
  </testcase> <!-- @AfterTest tearDown -->
  <testcase classname="appFunctions.Baseclass" name="@AfterTest tearDown" time="0.0">
    <ignored/>
  </testcase> <!-- @AfterTest tearDown -->
  <testcase classname="appFunctions.Baseclass" name="@AfterTest tearDown" time="0.0">
    <ignored/>
  </testcase> <!-- @AfterTest tearDown -->
  <testcase classname="appFunctions.Baseclass" name="@AfterTest tearDown" time="0.0">
    <ignored/>
  </testcase> <!-- @AfterTest tearDown -->
  <testcase classname="appFunctions.Baseclass" name="@AfterTest tearDown" time="0.0">
    <ignored/>
  </testcase> <!-- @AfterTest tearDown -->
  <testcase classname="appFunctions.Baseclass" name="@AfterTest tearDown" time="0.0">
    <ignored/>
  </testcase> <!-- @AfterTest tearDown -->
  <testcase classname="appFunctions.Baseclass" name="@AfterTest tearDown" time="0.0">
    <ignored/>
  </testcase> <!-- @AfterTest tearDown -->
  <testcase classname="appFunctions.Baseclass" name="@AfterTest tearDown" time="0.0">
    <ignored/>
  </testcase> <!-- @AfterTest tearDown -->
  <testcase classname="appFunctions.Baseclass" name="@AfterTest tearDown" time="0.0">
    <ignored/>
  </testcase> <!-- @AfterTest tearDown -->
  <testcase classname="appFunctions.Baseclass" name="@AfterTest tearDown" time="0.0">
    <ignored/>
  </testcase> <!-- @AfterTest tearDown -->
  <testcase classname="appFunctions.Baseclass" name="@BeforeSuite Report" time="0.0">
    <ignored/>
  </testcase> <!-- @BeforeSuite Report -->
  <testcase classname="appFunctions.Baseclass" name="@BeforeSuite Report" time="0.0">
    <ignored/>
  </testcase> <!-- @BeforeSuite Report -->
  <testcase classname="appFunctions.Baseclass" name="@BeforeSuite Report" time="0.0">
    <ignored/>
  </testcase> <!-- @BeforeSuite Report -->
  <testcase classname="appFunctions.Baseclass" name="@BeforeSuite Report" time="0.0">
    <ignored/>
  </testcase> <!-- @BeforeSuite Report -->
  <testcase classname="appFunctions.Baseclass" name="@BeforeSuite Report" time="0.0">
    <ignored/>
  </testcase> <!-- @BeforeSuite Report -->
  <testcase classname="appFunctions.Baseclass" name="@BeforeSuite Report" time="0.0">
    <ignored/>
  </testcase> <!-- @BeforeSuite Report -->
  <testcase classname="appFunctions.Baseclass" name="@BeforeSuite Report" time="0.0">
    <ignored/>
  </testcase> <!-- @BeforeSuite Report -->
  <testcase classname="appFunctions.Baseclass" name="@BeforeSuite Report" time="0.0">
    <ignored/>
  </testcase> <!-- @BeforeSuite Report -->
  <testcase classname="appFunctions.Baseclass" name="@BeforeSuite Report" time="0.0">
    <ignored/>
  </testcase> <!-- @BeforeSuite Report -->
  <testcase classname="appFunctions.Baseclass" name="@BeforeSuite Report" time="0.0">
    <ignored/>
  </testcase> <!-- @BeforeSuite Report -->
  <testcase classname="appFunctions.Baseclass" name="@BeforeSuite Report" time="0.0">
    <ignored/>
  </testcase> <!-- @BeforeSuite Report -->
  <testcase classname="appFunctions.Baseclass" name="@BeforeSuite Report" time="0.0">
    <ignored/>
  </testcase> <!-- @BeforeSuite Report -->
</testsuite> <!-- 3Test33 -->
