<?xml version="1.0" encoding="UTF-8"?>
<!-- Generated by org.testng.reporters.JUnitXMLReporter -->
<testsuite ignored="52" hostname="APANGA-XEN" failures="1" tests="14" name="3Test104" time="410.833" errors="0" timestamp="2021-12-03T17:10:08 IST">
  <testcase classname="appFunctions.Login" name="launchApplication" time="12.718"/>
  <testcase classname="appFunctions.AdminLogin" name="adminLogin" time="13.927"/>
  <testcase classname="appFunctions.AdminHomePage" name="adminBuyABond" time="18.062"/>
  <testcase classname="appFunctions.FindBondType" name="clickABond" time="13.211"/>
  <testcase classname="appFunctions.InitialBondInformation" name="selectBondFamily" time="51.934"/>
  <testcase classname="appFunctions.WhoIsTheBondApplicant" name="clickOnAddPerson" time="28.311"/>
  <testcase classname="appFunctions.WhoIsTheBondApplicant" name="chooseApplicant" time="8.747"/>
  <testcase classname="appFunctions.Questions" name="questions" time="33.01"/>
  <testcase classname="appFunctions.ApplicationSummary" name="validateApplicationSummary" time="4.527"/>
  <testcase classname="appFunctions.ApplicationStatus" name="clickGoToBond" time="0.164"/>
  <testcase classname="appFunctions.Bond" name="getAccountNumber" time="1.716"/>
  <testcase classname="appFunctions.AdminBond" name="approveBond" time="66.121"/>
  <testcase classname="appFunctions.PurchaseQuoteAgents" name="purchaseQuote" time="13.022">
    <failure type="org.openqa.selenium.NoSuchElementException" message="no such element: Unable to locate element: {&amp;quot;method&amp;quot;:&amp;quot;xpath&amp;quot;,&amp;quot;selector&amp;quot;:&amp;quot;//div[contains(@id,&amp;apos;PeopleCompanyInput_ChosenApplicant-list&amp;apos;)]//ul[contains(@id,&amp;apos;PeopleCompanyInput_ChosenApplicant_listbox&amp;apos;)]/li[contains(text(),&amp;apos;BR, Dimpal&amp;apos;)]&amp;quot;}
  (Session info: chrome=96.0.4664.45)
For documentation on this error, please visit: http://seleniumhq.org/exceptions/no_such_element.html
Build info: version: &amp;apos;3.11.0&amp;apos;, revision: &amp;apos;e59cfb3&amp;apos;, time: &amp;apos;2018-03-11T20:26:55.152Z&amp;apos;
System info: host: &amp;apos;APANGA-XEN&amp;apos;, ip: &amp;apos;172.16.224.207&amp;apos;, os.name: &amp;apos;Windows 10&amp;apos;, os.arch: &amp;apos;amd64&amp;apos;, os.version: &amp;apos;10.0&amp;apos;, java.version: &amp;apos;16.0.1&amp;apos;
Driver info: org.openqa.selenium.chrome.ChromeDriver
Capabilities {acceptInsecureCerts: false, browserName: chrome, browserVersion: 96.0.4664.45, chrome: {chromedriverVersion: 96.0.4664.35 (8df3babf8da8f..., userDataDir: C:\Users\apanga\AppData\Loc...}, goog:chromeOptions: {debuggerAddress: localhost:50192}, javascriptEnabled: true, networkConnectionEnabled: false, pageLoadStrategy: normal, platform: WINDOWS, platformName: WINDOWS, proxy: Proxy(), setWindowRect: true, strictFileInteractability: false, timeouts: {implicit: 0, pageLoad: 300000, script: 30000}, unhandledPromptBehavior: dismiss and notify, webauthn:extension:credBlob: true, webauthn:extension:largeBlob: true, webauthn:virtualAuthenticators: true}
Session ID: ca6e81b4c6b966f4aab34066a34bfdae
*** Element info: {Using=xpath, value=//div[contains(@id,&amp;apos;PeopleCompanyInput_ChosenApplicant-list&amp;apos;)]//ul[contains(@id,&amp;apos;PeopleCompanyInput_ChosenApplicant_listbox&amp;apos;)]/li[contains(text(),&amp;apos;BR, Dimpal&amp;apos;)]}">
      <![CDATA[org.openqa.selenium.NoSuchElementException: no such element: Unable to locate element: {"method":"xpath","selector":"//div[contains(@id,'PeopleCompanyInput_ChosenApplicant-list')]//ul[contains(@id,'PeopleCompanyInput_ChosenApplicant_listbox')]/li[contains(text(),'BR, Dimpal')]"}
  (Session info: chrome=96.0.4664.45)
For documentation on this error, please visit: http://seleniumhq.org/exceptions/no_such_element.html
Build info: version: '3.11.0', revision: 'e59cfb3', time: '2018-03-11T20:26:55.152Z'
System info: host: 'APANGA-XEN', ip: '172.16.224.207', os.name: 'Windows 10', os.arch: 'amd64', os.version: '10.0', java.version: '16.0.1'
Driver info: org.openqa.selenium.chrome.ChromeDriver
Capabilities {acceptInsecureCerts: false, browserName: chrome, browserVersion: 96.0.4664.45, chrome: {chromedriverVersion: 96.0.4664.35 (8df3babf8da8f..., userDataDir: C:\Users\apanga\AppData\Loc...}, goog:chromeOptions: {debuggerAddress: localhost:50192}, javascriptEnabled: true, networkConnectionEnabled: false, pageLoadStrategy: normal, platform: WINDOWS, platformName: WINDOWS, proxy: Proxy(), setWindowRect: true, strictFileInteractability: false, timeouts: {implicit: 0, pageLoad: 300000, script: 30000}, unhandledPromptBehavior: dismiss and notify, webauthn:extension:credBlob: true, webauthn:extension:largeBlob: true, webauthn:virtualAuthenticators: true}
Session ID: ca6e81b4c6b966f4aab34066a34bfdae
*** Element info: {Using=xpath, value=//div[contains(@id,'PeopleCompanyInput_ChosenApplicant-list')]//ul[contains(@id,'PeopleCompanyInput_ChosenApplicant_listbox')]/li[contains(text(),'BR, Dimpal')]}
at org.openqa.selenium.remote.http.W3CHttpResponseCodec.createException(W3CHttpResponseCodec.java:187)
at org.openqa.selenium.remote.http.W3CHttpResponseCodec.decode(W3CHttpResponseCodec.java:122)
at org.openqa.selenium.remote.http.W3CHttpResponseCodec.decode(W3CHttpResponseCodec.java:49)
at org.openqa.selenium.remote.HttpCommandExecutor.execute(HttpCommandExecutor.java:158)
at org.openqa.selenium.remote.service.DriverCommandExecutor.execute(DriverCommandExecutor.java:83)
at org.openqa.selenium.remote.RemoteWebDriver.execute(RemoteWebDriver.java:545)
at org.openqa.selenium.remote.RemoteWebDriver.findElement(RemoteWebDriver.java:319)
at org.openqa.selenium.remote.RemoteWebDriver.findElementByXPath(RemoteWebDriver.java:421)
at org.openqa.selenium.By$ByXPath.findElement(By.java:361)
at org.openqa.selenium.remote.RemoteWebDriver.findElement(RemoteWebDriver.java:311)
at appFunctions.PurchaseQuoteAgents.purchaseQuote(PurchaseQuoteAgents.java:68)
at java.base/java.util.ArrayList.forEach(ArrayList.java:1511)
... Removed 32 stack frames]]>
    </failure>
  </testcase> <!-- purchaseQuote -->
  <testcase classname="appFunctions.PurchaseQuoteAgents" name="billingTypeSlt" time="124.964"/>
  <testcase classname="appFunctions.Login" name="forgotPassword" time="0.0">
    <ignored/>
  </testcase> <!-- forgotPassword -->
  <testcase classname="appFunctions.Questions" name="dictQuestions" time="0.0">
    <ignored/>
  </testcase> <!-- dictQuestions -->
  <testcase classname="appFunctions.Baseclass" name="@BeforeTest Start" time="0.0">
    <ignored/>
  </testcase> <!-- @BeforeTest Start -->
  <testcase classname="appFunctions.Baseclass" name="@BeforeTest Start" time="0.0">
    <ignored/>
  </testcase> <!-- @BeforeTest Start -->
  <testcase classname="appFunctions.Baseclass" name="@BeforeTest Start" time="0.0">
    <ignored/>
  </testcase> <!-- @BeforeTest Start -->
  <testcase classname="appFunctions.Baseclass" name="@BeforeTest Start" time="0.0">
    <ignored/>
  </testcase> <!-- @BeforeTest Start -->
  <testcase classname="appFunctions.Baseclass" name="@BeforeTest Start" time="0.0">
    <ignored/>
  </testcase> <!-- @BeforeTest Start -->
  <testcase classname="appFunctions.Baseclass" name="@BeforeTest Start" time="0.0">
    <ignored/>
  </testcase> <!-- @BeforeTest Start -->
  <testcase classname="appFunctions.Baseclass" name="@BeforeTest Start" time="0.0">
    <ignored/>
  </testcase> <!-- @BeforeTest Start -->
  <testcase classname="appFunctions.Baseclass" name="@BeforeTest Start" time="0.0">
    <ignored/>
  </testcase> <!-- @BeforeTest Start -->
  <testcase classname="appFunctions.Baseclass" name="@BeforeTest Start" time="0.0">
    <ignored/>
  </testcase> <!-- @BeforeTest Start -->
  <testcase classname="appFunctions.Baseclass" name="@BeforeTest Start" time="0.0">
    <ignored/>
  </testcase> <!-- @BeforeTest Start -->
  <testcase classname="appFunctions.Baseclass" name="@BeforeTest Start" time="0.0">
    <ignored/>
  </testcase> <!-- @BeforeTest Start -->
  <testcase classname="appFunctions.AdminHomePage" name="findBond" time="0.0">
    <ignored/>
  </testcase> <!-- findBond -->
  <testcase classname="appFunctions.Login" name="login" time="0.0">
    <ignored/>
  </testcase> <!-- login -->
  <testcase classname="appFunctions.PurchaseQuoteAgents" name="cancelPurchaseQuote" time="0.0">
    <ignored/>
  </testcase> <!-- cancelPurchaseQuote -->
  <testcase classname="appFunctions.WhoIsTheBondApplicant" name="back" time="0.0">
    <ignored/>
  </testcase> <!-- back -->
  <testcase classname="appFunctions.WhoIsTheBondApplicant" name="remove" time="0.0">
    <ignored/>
  </testcase> <!-- remove -->
  <testcase classname="appFunctions.Baseclass" name="@AfterSuite close" time="0.0">
    <ignored/>
  </testcase> <!-- @AfterSuite close -->
  <testcase classname="appFunctions.Baseclass" name="@AfterSuite close" time="0.0">
    <ignored/>
  </testcase> <!-- @AfterSuite close -->
  <testcase classname="appFunctions.Baseclass" name="@AfterSuite close" time="0.0">
    <ignored/>
  </testcase> <!-- @AfterSuite close -->
  <testcase classname="appFunctions.Baseclass" name="@AfterSuite close" time="0.0">
    <ignored/>
  </testcase> <!-- @AfterSuite close -->
  <testcase classname="appFunctions.Baseclass" name="@AfterSuite close" time="0.0">
    <ignored/>
  </testcase> <!-- @AfterSuite close -->
  <testcase classname="appFunctions.Baseclass" name="@AfterSuite close" time="0.0">
    <ignored/>
  </testcase> <!-- @AfterSuite close -->
  <testcase classname="appFunctions.Baseclass" name="@AfterSuite close" time="0.0">
    <ignored/>
  </testcase> <!-- @AfterSuite close -->
  <testcase classname="appFunctions.Baseclass" name="@AfterSuite close" time="0.0">
    <ignored/>
  </testcase> <!-- @AfterSuite close -->
  <testcase classname="appFunctions.Baseclass" name="@AfterSuite close" time="0.0">
    <ignored/>
  </testcase> <!-- @AfterSuite close -->
  <testcase classname="appFunctions.Baseclass" name="@AfterSuite close" time="0.0">
    <ignored/>
  </testcase> <!-- @AfterSuite close -->
  <testcase classname="appFunctions.Baseclass" name="@AfterSuite close" time="0.0">
    <ignored/>
  </testcase> <!-- @AfterSuite close -->
  <testcase classname="appFunctions.Bond" name="bondcancel" time="0.0">
    <ignored/>
  </testcase> <!-- bondcancel -->
  <testcase classname="appFunctions.Baseclass" name="@AfterTest tearDown" time="0.0">
    <ignored/>
  </testcase> <!-- @AfterTest tearDown -->
  <testcase classname="appFunctions.Baseclass" name="@AfterTest tearDown" time="0.0">
    <ignored/>
  </testcase> <!-- @AfterTest tearDown -->
  <testcase classname="appFunctions.Baseclass" name="@AfterTest tearDown" time="0.0">
    <ignored/>
  </testcase> <!-- @AfterTest tearDown -->
  <testcase classname="appFunctions.Baseclass" name="@AfterTest tearDown" time="0.0">
    <ignored/>
  </testcase> <!-- @AfterTest tearDown -->
  <testcase classname="appFunctions.Baseclass" name="@AfterTest tearDown" time="0.0">
    <ignored/>
  </testcase> <!-- @AfterTest tearDown -->
  <testcase classname="appFunctions.Baseclass" name="@AfterTest tearDown" time="0.0">
    <ignored/>
  </testcase> <!-- @AfterTest tearDown -->
  <testcase classname="appFunctions.Baseclass" name="@AfterTest tearDown" time="0.0">
    <ignored/>
  </testcase> <!-- @AfterTest tearDown -->
  <testcase classname="appFunctions.Baseclass" name="@AfterTest tearDown" time="0.0">
    <ignored/>
  </testcase> <!-- @AfterTest tearDown -->
  <testcase classname="appFunctions.Baseclass" name="@AfterTest tearDown" time="0.0">
    <ignored/>
  </testcase> <!-- @AfterTest tearDown -->
  <testcase classname="appFunctions.Baseclass" name="@AfterTest tearDown" time="0.0">
    <ignored/>
  </testcase> <!-- @AfterTest tearDown -->
  <testcase classname="appFunctions.Baseclass" name="@AfterTest tearDown" time="0.0">
    <ignored/>
  </testcase> <!-- @AfterTest tearDown -->
  <testcase classname="appFunctions.Baseclass" name="@BeforeSuite Report" time="0.0">
    <ignored/>
  </testcase> <!-- @BeforeSuite Report -->
  <testcase classname="appFunctions.Baseclass" name="@BeforeSuite Report" time="0.0">
    <ignored/>
  </testcase> <!-- @BeforeSuite Report -->
  <testcase classname="appFunctions.Baseclass" name="@BeforeSuite Report" time="0.0">
    <ignored/>
  </testcase> <!-- @BeforeSuite Report -->
  <testcase classname="appFunctions.Baseclass" name="@BeforeSuite Report" time="0.0">
    <ignored/>
  </testcase> <!-- @BeforeSuite Report -->
  <testcase classname="appFunctions.Baseclass" name="@BeforeSuite Report" time="0.0">
    <ignored/>
  </testcase> <!-- @BeforeSuite Report -->
  <testcase classname="appFunctions.Baseclass" name="@BeforeSuite Report" time="0.0">
    <ignored/>
  </testcase> <!-- @BeforeSuite Report -->
  <testcase classname="appFunctions.Baseclass" name="@BeforeSuite Report" time="0.0">
    <ignored/>
  </testcase> <!-- @BeforeSuite Report -->
  <testcase classname="appFunctions.Baseclass" name="@BeforeSuite Report" time="0.0">
    <ignored/>
  </testcase> <!-- @BeforeSuite Report -->
  <testcase classname="appFunctions.Baseclass" name="@BeforeSuite Report" time="0.0">
    <ignored/>
  </testcase> <!-- @BeforeSuite Report -->
  <testcase classname="appFunctions.Baseclass" name="@BeforeSuite Report" time="0.0">
    <ignored/>
  </testcase> <!-- @BeforeSuite Report -->
  <testcase classname="appFunctions.Baseclass" name="@BeforeSuite Report" time="0.0">
    <ignored/>
  </testcase> <!-- @BeforeSuite Report -->
</testsuite> <!-- 3Test104 -->
