<?xml version="1.0" encoding="UTF-8"?>
<!-- Generated by org.testng.reporters.JUnitXMLReporter -->
<testsuite ignored="2" hostname="DRAJU-XEN" failures="0" tests="1" name="Loading_QuestionsPage_UAT" time="7.423" errors="0" timestamp="29 Apr 2022 07:12:33 GMT">
  <testcase classname="appFunctions.Baseclass" name="@AfterTest tearDown" time="0.0">
    <failure type="java.lang.NullPointerException" message="Cannot invoke &amp;quot;org.openqa.selenium.WebDriver.quit()&amp;quot; because the return value of &amp;quot;appFunctions.Baseclass.getDriver()&amp;quot; is null">
      <![CDATA[java.lang.NullPointerException: Cannot invoke "org.openqa.selenium.WebDriver.quit()" because the return value of "appFunctions.Baseclass.getDriver()" is null
at appFunctions.Baseclass.tearDown(Baseclass.java:218)
... Removed 24 stack frames]]>
    </failure>
  </testcase> <!-- @AfterTest tearDown -->
  <testcase classname="appFunctions.Questions" name="dictQuestions" time="1.116"/>
  <testcase classname="appFunctions.Questions" name="principalInformationPage" time="0.0">
    <ignored/>
  </testcase> <!-- principalInformationPage -->
  <testcase classname="appFunctions.Questions" name="questions" time="0.0">
    <ignored/>
  </testcase> <!-- questions -->
</testsuite> <!-- Loading_QuestionsPage_UAT -->
