<?xml version="1.0" encoding="UTF-8"?>
<!-- Generated by org.testng.reporters.JUnitXMLReporter -->
<testsuite hostname="STM-W7-QTP66" ignored="23" name="Test1" tests="21" failures="0" timestamp="12 Mar 2020 13:59:53 GMT" time="357.374" errors="0">
  <testcase name="addSubmission" time="21.453" classname="appFunctions.QSM"/>
  <testcase name="quickQuote" time="19.588" classname="appFunctions.Indication"/>
  <testcase name="clickOnRate" time="9.031" classname="appFunctions.Indication"/>
  <testcase name="quickQuoteValidations" time="69.804" classname="appFunctions.Indication"/>
  <testcase name="clickOnSubmission" time="4.708" classname="appFunctions.Submission"/>
  <testcase name="policyInformation" time="6.861" classname="appFunctions.Submission"/>
  <testcase name="insuredInformation" time="4.366" classname="appFunctions.Submission"/>
  <testcase name="projectInformation" time="7.12" classname="appFunctions.Submission"/>
  <testcase name="addOptionalCoverages" time="45.254" classname="appFunctions.Submission"/>
  <testcase name="clickOnPendingQuote" time="28.199" classname="appFunctions.PendingQuote"/>
  <testcase name="agentDetails" time="6.337" classname="appFunctions.PendingQuote"/>
  <testcase name="insuredDetails" time="19.638" classname="appFunctions.PendingQuote"/>
  <testcase name="quoteClick" time="29.092" classname="appFunctions.Quote"/>
  <testcase name="quotePremiumValidation" time="2.45" classname="appFunctions.Quote"/>
  <testcase name="quoteMandatoryFormsValidation" time="1.609" classname="appFunctions.Quote"/>
  <testcase name="quoteOptionalFormsValidation" time="2.343" classname="appFunctions.Quote"/>
  <testcase name="pendingBindClick" time="8.584" classname="appFunctions.Bound"/>
  <testcase name="bindClick" time="22.892" classname="appFunctions.Bound"/>
  <testcase name="validationofTransactionHistory" time="1.839" classname="appFunctions.Bound"/>
  <testcase name="preparePolicyClick" time="8.165" classname="appFunctions.Bound"/>
  <testcase name="issueClick" time="26.682" classname="appFunctions.Bound"/>
  <testcase name="firstLocationMultipleClassCode" time="0.0" classname="appFunctions.PendingQuote">
    <ignored/>
  </testcase> <!-- firstLocationMultipleClassCode -->
  <testcase name="@AfterSuite close" time="0.0" classname="appFunctions.Baseclass">
    <ignored/>
  </testcase> <!-- @AfterSuite close -->
  <testcase name="@AfterSuite close" time="0.0" classname="appFunctions.Baseclass">
    <ignored/>
  </testcase> <!-- @AfterSuite close -->
  <testcase name="@AfterSuite close" time="0.0" classname="appFunctions.Baseclass">
    <ignored/>
  </testcase> <!-- @AfterSuite close -->
  <testcase name="@AfterSuite close" time="0.0" classname="appFunctions.Baseclass">
    <ignored/>
  </testcase> <!-- @AfterSuite close -->
  <testcase name="@AfterSuite close" time="0.0" classname="appFunctions.Baseclass">
    <ignored/>
  </testcase> <!-- @AfterSuite close -->
  <testcase name="locationDetails" time="0.0" classname="appFunctions.PendingQuote">
    <ignored/>
  </testcase> <!-- locationDetails -->
  <testcase name="@BeforeTest Start" time="0.0" classname="appFunctions.Baseclass">
    <ignored/>
  </testcase> <!-- @BeforeTest Start -->
  <testcase name="@BeforeTest Start" time="0.0" classname="appFunctions.Baseclass">
    <ignored/>
  </testcase> <!-- @BeforeTest Start -->
  <testcase name="@BeforeTest Start" time="0.0" classname="appFunctions.Baseclass">
    <ignored/>
  </testcase> <!-- @BeforeTest Start -->
  <testcase name="@BeforeTest Start" time="0.0" classname="appFunctions.Baseclass">
    <ignored/>
  </testcase> <!-- @BeforeTest Start -->
  <testcase name="@BeforeTest Start" time="0.0" classname="appFunctions.Baseclass">
    <ignored/>
  </testcase> <!-- @BeforeTest Start -->
  <testcase name="@AfterTest tearDown" time="0.0" classname="appFunctions.Baseclass">
    <ignored/>
  </testcase> <!-- @AfterTest tearDown -->
  <testcase name="@AfterTest tearDown" time="0.0" classname="appFunctions.Baseclass">
    <ignored/>
  </testcase> <!-- @AfterTest tearDown -->
  <testcase name="@AfterTest tearDown" time="0.0" classname="appFunctions.Baseclass">
    <ignored/>
  </testcase> <!-- @AfterTest tearDown -->
  <testcase name="@AfterTest tearDown" time="0.0" classname="appFunctions.Baseclass">
    <ignored/>
  </testcase> <!-- @AfterTest tearDown -->
  <testcase name="@AfterTest tearDown" time="0.0" classname="appFunctions.Baseclass">
    <ignored/>
  </testcase> <!-- @AfterTest tearDown -->
  <testcase name="minimumPremium" time="0.0" classname="appFunctions.PendingQuote">
    <ignored/>
  </testcase> <!-- minimumPremium -->
  <testcase name="@BeforeSuite Report" time="0.0" classname="appFunctions.Baseclass">
    <ignored/>
  </testcase> <!-- @BeforeSuite Report -->
  <testcase name="@BeforeSuite Report" time="0.0" classname="appFunctions.Baseclass">
    <ignored/>
  </testcase> <!-- @BeforeSuite Report -->
  <testcase name="@BeforeSuite Report" time="0.0" classname="appFunctions.Baseclass">
    <ignored/>
  </testcase> <!-- @BeforeSuite Report -->
  <testcase name="@BeforeSuite Report" time="0.0" classname="appFunctions.Baseclass">
    <ignored/>
  </testcase> <!-- @BeforeSuite Report -->
  <testcase name="@BeforeSuite Report" time="0.0" classname="appFunctions.Baseclass">
    <ignored/>
  </testcase> <!-- @BeforeSuite Report -->
</testsuite> <!-- Test1 -->
