<?xml version="1.0" encoding="UTF-8"?>
<!-- Generated by org.testng.reporters.JUnitXMLReporter -->
<testsuite hostname="STM-W7-QTP66" ignored="39" name="Test4" tests="30" failures="0" timestamp="19 Jul 2019 14:40:06 GMT" time="702.296" errors="0">
  <testcase name="createSubmission" time="17.089" classname="appFunctions.QSM"/>
  <testcase name="enterPolicyNumberInformation" time="33.795" classname="appFunctions.SubmissionPage"/>
  <testcase name="enterInsuredInformation" time="11.013" classname="appFunctions.SubmissionPage"/>
  <testcase name="enterBrokerInformation" time="8.767" classname="appFunctions.BrokerInformation"/>
  <testcase name="saveSubmission" time="13.711" classname="appFunctions.BrokerInformation"/>
  <testcase name="editSubmission" time="11.455" classname="appFunctions.BrokerInformation"/>
  <testcase name="changeStatusToQuote" time="20.686" classname="appFunctions.UnderwritingInformation"/>
  <testcase name="fillUnderwritingInformation" time="4.512" classname="appFunctions.UnderwritingInformation"/>
  <testcase name="addAdditionalCargoLimits" time="59.233" classname="appFunctions.UnderwritingInformation"/>
  <testcase name="fillLimitsSection" time="13.201" classname="appFunctions.UnderwritingInformation"/>
  <testcase name="fillRateBreakDownSection" time="32.631" classname="appFunctions.UnderwritingInformation"/>
  <testcase name="fillExposureDetails" time="30.421" classname="appFunctions.UnderwritingInformation"/>
  <testcase name="enterClaimsHandlingRate" time="3.632" classname="appFunctions.Fees"/>
  <testcase name="addStateFees" time="16.027" classname="appFunctions.Fees"/>
  <testcase name="enterPremiumTermsDetails" time="12.939" classname="appFunctions.Premium"/>
  <testcase name="saveQuote" time="16.133" classname="appFunctions.Premium"/>
  <testcase name="validateQuotePremiumRevenue" time="4.633" classname="appFunctions.Premium"/>
  <testcase name="validateAdditionalCargoLimit" time="0.327" classname="appFunctions.Premium"/>
  <testcase name="validateQuoteTransactionType" time="0.297" classname="appFunctions.Premium"/>
  <testcase name="editBound" time="11.473" classname="appFunctions.BoundDetails"/>
  <testcase name="changeSubmissionToBound" time="33.407" classname="appFunctions.BoundDetails"/>
  <testcase name="saveBound" time="74.523" classname="appFunctions.BoundDetails"/>
  <testcase name="boundValidateMonthlyPremium" time="49.534" classname="appFunctions.MonthlyPremiumValidation"/>
  <testcase name="editEndorsement" time="2.512" classname="appFunctions.Endorsement"/>
  <testcase name="changeStatusToEndorseProcessing" time="24.313" classname="appFunctions.Endorsement"/>
  <testcase name="addMonthlySubmittedRev" time="23.773" classname="appFunctions.Endorsement"/>
  <testcase name="changeStatusToEndorsed" time="13.536" classname="appFunctions.Endorsement"/>
  <testcase name="saveEndorse" time="21.749" classname="appFunctions.Endorsement"/>
  <testcase name="addMonthlyPremiumTripGrossRevenue" time="100.04" classname="appFunctions.Endorsement"/>
  <testcase name="endorsementValidateCargoDelta" time="31.657" classname="appFunctions.Endorsement"/>
  <testcase name="validateQuotePremiumInstallation" time="0.0" classname="appFunctions.Premium">
    <ignored/>
  </testcase> <!-- validateQuotePremiumInstallation -->
  <testcase name="@AfterSuite close" time="0.0" classname="appFunctions.Baseclass">
    <ignored/>
  </testcase> <!-- @AfterSuite close -->
  <testcase name="@AfterSuite close" time="0.0" classname="appFunctions.Baseclass">
    <ignored/>
  </testcase> <!-- @AfterSuite close -->
  <testcase name="@AfterSuite close" time="0.0" classname="appFunctions.Baseclass">
    <ignored/>
  </testcase> <!-- @AfterSuite close -->
  <testcase name="@AfterSuite close" time="0.0" classname="appFunctions.Baseclass">
    <ignored/>
  </testcase> <!-- @AfterSuite close -->
  <testcase name="@AfterSuite close" time="0.0" classname="appFunctions.Baseclass">
    <ignored/>
  </testcase> <!-- @AfterSuite close -->
  <testcase name="@AfterSuite close" time="0.0" classname="appFunctions.Baseclass">
    <ignored/>
  </testcase> <!-- @AfterSuite close -->
  <testcase name="@AfterSuite close" time="0.0" classname="appFunctions.Baseclass">
    <ignored/>
  </testcase> <!-- @AfterSuite close -->
  <testcase name="@AfterSuite close" time="0.0" classname="appFunctions.Baseclass">
    <ignored/>
  </testcase> <!-- @AfterSuite close -->
  <testcase name="addAddtionalInsuredInfo" time="0.0" classname="appFunctions.SubmissionPage">
    <ignored/>
  </testcase> <!-- addAddtionalInsuredInfo -->
  <testcase name="@BeforeTest Start" time="0.0" classname="appFunctions.Baseclass">
    <ignored/>
  </testcase> <!-- @BeforeTest Start -->
  <testcase name="@BeforeTest Start" time="0.0" classname="appFunctions.Baseclass">
    <ignored/>
  </testcase> <!-- @BeforeTest Start -->
  <testcase name="@BeforeTest Start" time="0.0" classname="appFunctions.Baseclass">
    <ignored/>
  </testcase> <!-- @BeforeTest Start -->
  <testcase name="@BeforeTest Start" time="0.0" classname="appFunctions.Baseclass">
    <ignored/>
  </testcase> <!-- @BeforeTest Start -->
  <testcase name="@BeforeTest Start" time="0.0" classname="appFunctions.Baseclass">
    <ignored/>
  </testcase> <!-- @BeforeTest Start -->
  <testcase name="@BeforeTest Start" time="0.0" classname="appFunctions.Baseclass">
    <ignored/>
  </testcase> <!-- @BeforeTest Start -->
  <testcase name="@BeforeTest Start" time="0.0" classname="appFunctions.Baseclass">
    <ignored/>
  </testcase> <!-- @BeforeTest Start -->
  <testcase name="@BeforeTest Start" time="0.0" classname="appFunctions.Baseclass">
    <ignored/>
  </testcase> <!-- @BeforeTest Start -->
  <testcase name="addcorporatePersonalInfo" time="0.0" classname="appFunctions.SubmissionPage">
    <ignored/>
  </testcase> <!-- addcorporatePersonalInfo -->
  <testcase name="addMonthlyPremiumMiles" time="0.0" classname="appFunctions.Endorsement">
    <ignored/>
  </testcase> <!-- addMonthlyPremiumMiles -->
  <testcase name="validateDeltaPremiumForSubmittedMiles" time="0.0" classname="appFunctions.Endorsement">
    <ignored/>
  </testcase> <!-- validateDeltaPremiumForSubmittedMiles -->
  <testcase name="endorsementSubmittedMilesValidation" time="0.0" classname="appFunctions.Endorsement">
    <ignored/>
  </testcase> <!-- endorsementSubmittedMilesValidation -->
  <testcase name="@AfterTest tearDown" time="0.0" classname="appFunctions.Baseclass">
    <ignored/>
  </testcase> <!-- @AfterTest tearDown -->
  <testcase name="@AfterTest tearDown" time="0.0" classname="appFunctions.Baseclass">
    <ignored/>
  </testcase> <!-- @AfterTest tearDown -->
  <testcase name="@AfterTest tearDown" time="0.0" classname="appFunctions.Baseclass">
    <ignored/>
  </testcase> <!-- @AfterTest tearDown -->
  <testcase name="@AfterTest tearDown" time="0.0" classname="appFunctions.Baseclass">
    <ignored/>
  </testcase> <!-- @AfterTest tearDown -->
  <testcase name="@AfterTest tearDown" time="0.0" classname="appFunctions.Baseclass">
    <ignored/>
  </testcase> <!-- @AfterTest tearDown -->
  <testcase name="@AfterTest tearDown" time="0.0" classname="appFunctions.Baseclass">
    <ignored/>
  </testcase> <!-- @AfterTest tearDown -->
  <testcase name="@AfterTest tearDown" time="0.0" classname="appFunctions.Baseclass">
    <ignored/>
  </testcase> <!-- @AfterTest tearDown -->
  <testcase name="@AfterTest tearDown" time="0.0" classname="appFunctions.Baseclass">
    <ignored/>
  </testcase> <!-- @AfterTest tearDown -->
  <testcase name="endorsementSubmittedRevenueValidation" time="0.0" classname="appFunctions.Endorsement">
    <ignored/>
  </testcase> <!-- endorsementSubmittedRevenueValidation -->
  <testcase name="@BeforeSuite Report" time="0.0" classname="appFunctions.Baseclass">
    <ignored/>
  </testcase> <!-- @BeforeSuite Report -->
  <testcase name="@BeforeSuite Report" time="0.0" classname="appFunctions.Baseclass">
    <ignored/>
  </testcase> <!-- @BeforeSuite Report -->
  <testcase name="@BeforeSuite Report" time="0.0" classname="appFunctions.Baseclass">
    <ignored/>
  </testcase> <!-- @BeforeSuite Report -->
  <testcase name="@BeforeSuite Report" time="0.0" classname="appFunctions.Baseclass">
    <ignored/>
  </testcase> <!-- @BeforeSuite Report -->
  <testcase name="@BeforeSuite Report" time="0.0" classname="appFunctions.Baseclass">
    <ignored/>
  </testcase> <!-- @BeforeSuite Report -->
  <testcase name="@BeforeSuite Report" time="0.0" classname="appFunctions.Baseclass">
    <ignored/>
  </testcase> <!-- @BeforeSuite Report -->
  <testcase name="@BeforeSuite Report" time="0.0" classname="appFunctions.Baseclass">
    <ignored/>
  </testcase> <!-- @BeforeSuite Report -->
  <testcase name="@BeforeSuite Report" time="0.0" classname="appFunctions.Baseclass">
    <ignored/>
  </testcase> <!-- @BeforeSuite Report -->
</testsuite> <!-- Test4 -->
