<?xml version="1.0" encoding="UTF-8"?>
<!-- Generated by org.testng.reporters.JUnitXMLReporter -->
<testsuite hostname="MFRPW7INDBAD077" ignored="1" name="appFunctions(failed)" tests="1" failures="1" timestamp="19 Feb 2019 07:38:33 GMT" time="389.698" errors="0">
  <testcase name="commonWealthQuoteTestb" time="7.22" classname="appFunctions.Searchaccount">
    <failure type="java.lang.NullPointerException">
      <![CDATA[java.lang.NullPointerException
at java.util.Objects.requireNonNull(Unknown Source)
at org.openqa.selenium.support.ui.FluentWait.<init>(FluentWait.java:115)
at org.openqa.selenium.support.ui.WebDriverWait.<init>(WebDriverWait.java:102)
at org.openqa.selenium.support.ui.WebDriverWait.<init>(WebDriverWait.java:45)
at HSF.DriverClass.objIdentification(DriverClass.java:33)
at appFunctions.Searchaccount.getsearchAccountb(Searchaccount.java:37)
at appFunctions.Searchaccount.commonWealthQuoteTestb(Searchaccount.java:66)
... Removed 25 stack frames]]>
    </failure>
  </testcase> <!-- commonWealthQuoteTestb -->
  <testcase name="wealthquote" time="0.0" classname="appFunctions.Searchaccount">
    <ignored/>
  </testcase> <!-- wealthquote -->
</testsuite> <!-- appFunctions(failed) -->
