<?xml version="1.0" encoding="UTF-8"?>
<!-- Generated by org.testng.reporters.JUnitReportReporter -->
<testsuite hostname="DRAJU-XEN" failures="0" tests="14" name="appFunctions.WhoIsTheBondApplicant" time="496.756" errors="0" timestamp="29 Apr 2022 11:58:11 GMT" skipped="0">
  <testcase classname="appFunctions.WhoIsTheBondApplicant" name="clickOnAddPerson" time="56.075"/>
  <testcase classname="appFunctions.WhoIsTheBondApplicant" name="chooseApplicant" time="14.385"/>
  <testcase classname="appFunctions.WhoIsTheBondApplicant" name="chooseApplicant" time="14.095"/>
  <testcase classname="appFunctions.WhoIsTheBondApplicant" name="clickOnAddPerson" time="56.090"/>
  <testcase classname="appFunctions.WhoIsTheBondApplicant" name="clickOnAddPerson" time="56.749"/>
  <testcase classname="appFunctions.WhoIsTheBondApplicant" name="chooseApplicant" time="14.005"/>
  <testcase classname="appFunctions.WhoIsTheBondApplicant" name="clickOnAddPerson" time="56.634"/>
  <testcase classname="appFunctions.WhoIsTheBondApplicant" name="chooseApplicant" time="13.955"/>
  <testcase classname="appFunctions.WhoIsTheBondApplicant" name="clickOnAddPerson" time="59.315"/>
  <testcase classname="appFunctions.WhoIsTheBondApplicant" name="chooseApplicant" time="14.282"/>
  <testcase classname="appFunctions.WhoIsTheBondApplicant" name="chooseApplicant" time="14.042"/>
  <testcase classname="appFunctions.WhoIsTheBondApplicant" name="clickOnAddPerson" time="56.763"/>
  <testcase classname="appFunctions.WhoIsTheBondApplicant" name="clickOnAddPerson" time="56.404"/>
  <testcase classname="appFunctions.WhoIsTheBondApplicant" name="chooseApplicant" time="13.962"/>
</testsuite> <!-- appFunctions.WhoIsTheBondApplicant -->
