<?xml version="1.0" encoding="UTF-8"?>
<!-- Generated by org.testng.reporters.JUnitReportReporter -->
<testsuite hostname="DRAJU-XEN" failures="0" tests="7" name="appFunctions.ApplicationSummary" time="78.509" errors="0" timestamp="29 Apr 2022 11:58:11 GMT" skipped="0">
  <testcase classname="appFunctions.ApplicationSummary" name="validateApplicationSummary" time="10.599"/>
  <testcase classname="appFunctions.ApplicationSummary" name="validateApplicationSummary" time="11.126"/>
  <testcase classname="appFunctions.ApplicationSummary" name="validateApplicationSummary" time="12.155"/>
  <testcase classname="appFunctions.ApplicationSummary" name="validateApplicationSummary" time="11.188"/>
  <testcase classname="appFunctions.ApplicationSummary" name="validateApplicationSummary" time="11.676"/>
  <testcase classname="appFunctions.ApplicationSummary" name="validateApplicationSummary" time="10.655"/>
  <testcase classname="appFunctions.ApplicationSummary" name="validateApplicationSummary" time="11.110"/>
</testsuite> <!-- appFunctions.ApplicationSummary -->
