<?xml version="1.0" encoding="UTF-8"?>
<!-- Generated by org.testng.reporters.JUnitReportReporter -->
<testsuite hostname="DRAJU-XEN" failures="0" tests="14" name="appFunctions.SubmitClaim" time="1838.081" errors="0" timestamp="29 Apr 2022 11:58:11 GMT" skipped="0">
  <testcase classname="appFunctions.SubmitClaim" name="doClaim" time="114.490"/>
  <testcase classname="appFunctions.SubmitClaim" name="doClaim" time="167.956"/>
  <testcase classname="appFunctions.SubmitClaim" name="doClaim" time="98.958"/>
  <testcase classname="appFunctions.SubmitClaim" name="doClaim" time="220.307"/>
  <testcase classname="appFunctions.SubmitClaim" name="editClaim" time="77.251"/>
  <testcase classname="appFunctions.SubmitClaim" name="editClaim" time="165.804"/>
  <testcase classname="appFunctions.SubmitClaim" name="doClaim" time="150.393"/>
  <testcase classname="appFunctions.SubmitClaim" name="doClaim" time="81.267"/>
  <testcase classname="appFunctions.SubmitClaim" name="editClaim" time="60.672"/>
  <testcase classname="appFunctions.SubmitClaim" name="editClaim" time="100.661"/>
  <testcase classname="appFunctions.SubmitClaim" name="editClaim" time="133.429"/>
  <testcase classname="appFunctions.SubmitClaim" name="doClaim" time="167.380"/>
  <testcase classname="appFunctions.SubmitClaim" name="editClaim" time="187.080"/>
  <testcase classname="appFunctions.SubmitClaim" name="editClaim" time="112.433"/>
</testsuite> <!-- appFunctions.SubmitClaim -->
