<?xml version="1.0" encoding="UTF-8"?>
<!-- Generated by org.testng.reporters.JUnitReportReporter -->
<testsuite hostname="DRAJU-XEN" failures="0" tests="7" name="appFunctions.AdminLogin" time="119.989" errors="0" timestamp="29 Apr 2022 11:58:11 GMT" skipped="0">
  <testcase classname="appFunctions.AdminLogin" name="adminLogin" time="17.314"/>
  <testcase classname="appFunctions.AdminLogin" name="adminLogin" time="17.059"/>
  <testcase classname="appFunctions.AdminLogin" name="adminLogin" time="17.592"/>
  <testcase classname="appFunctions.AdminLogin" name="adminLogin" time="16.830"/>
  <testcase classname="appFunctions.AdminLogin" name="adminLogin" time="17.442"/>
  <testcase classname="appFunctions.AdminLogin" name="adminLogin" time="16.845"/>
  <testcase classname="appFunctions.AdminLogin" name="adminLogin" time="16.907"/>
</testsuite> <!-- appFunctions.AdminLogin -->
