<?xml version="1.0" encoding="UTF-8"?>
<!-- Generated by org.testng.reporters.JUnitReportReporter -->
<testsuite skipped="2" hostname="MFRPW7INDBAD077" name="appFunctions.Vehicle_Details" tests="2" failures="0" timestamp="28 Feb 2019 10:18:03 GMT" time="0.000" errors="0">
  <testcase name="commonWealthvehicledetailssave" time="0.000" classname="appFunctions.Vehicle_Details">
    <skipped/>
  </testcase> <!-- commonWealthvehicledetailssave -->
  <testcase name="commonWealthvehiclesdetailsconfirm" time="0.000" classname="appFunctions.Vehicle_Details">
    <skipped/>
  </testcase> <!-- commonWealthvehiclesdetailsconfirm -->
</testsuite> <!-- appFunctions.Vehicle_Details -->
