<?xml version="1.0" encoding="UTF-8"?>
<!-- Generated by org.testng.reporters.JUnitReportReporter -->
<testsuite hostname="DRAJU-XEN" failures="0" tests="7" name="appFunctions.InitialBondInformation" time="263.381" errors="0" timestamp="29 Apr 2022 11:58:11 GMT" skipped="0">
  <testcase classname="appFunctions.InitialBondInformation" name="selectBondFamily" time="36.034"/>
  <testcase classname="appFunctions.InitialBondInformation" name="selectBondFamily" time="37.095"/>
  <testcase classname="appFunctions.InitialBondInformation" name="selectBondFamily" time="42.885"/>
  <testcase classname="appFunctions.InitialBondInformation" name="selectBondFamily" time="18.077"/>
  <testcase classname="appFunctions.InitialBondInformation" name="selectBondFamily" time="36.676"/>
  <testcase classname="appFunctions.InitialBondInformation" name="selectBondFamily" time="49.312"/>
  <testcase classname="appFunctions.InitialBondInformation" name="selectBondFamily" time="43.302"/>
</testsuite> <!-- appFunctions.InitialBondInformation -->
